{"C:\\Users\\Shirel\\OneDrive\\Desktop\\שנה ג\\אפליקציות אינטרנטיות\\Blend\\blendApp\\config\\custom-environment-variables.ts": {"path":"C:\\Users\\Shirel\\OneDrive\\Desktop\\שנה ג\\אפליקציות אינטרנטיות\\Blend\\blendApp\\config\\custom-environment-variables.ts","all":false,"statementMap":{"0":{"start":{"line":1,"column":0},"end":{"line":1,"column":16}},"1":{"start":{"line":2,"column":0},"end":{"line":2,"column":15}},"2":{"start":{"line":3,"column":0},"end":{"line":3,"column":29}},"3":{"start":{"line":4,"column":0},"end":{"line":4,"column":29}},"4":{"start":{"line":5,"column":0},"end":{"line":5,"column":50}},"5":{"start":{"line":6,"column":0},"end":{"line":6,"column":52}},"6":{"start":{"line":7,"column":0},"end":{"line":7,"column":52}},"7":{"start":{"line":8,"column":0},"end":{"line":8,"column":50}},"8":{"start":{"line":9,"column":0},"end":{"line":9,"column":54}},"9":{"start":{"line":10,"column":0},"end":{"line":10,"column":52}},"10":{"start":{"line":11,"column":0},"end":{"line":11,"column":43}},"11":{"start":{"line":12,"column":0},"end":{"line":12,"column":51}},"12":{"start":{"line":13,"column":0},"end":{"line":13,"column":51}},"13":{"start":{"line":14,"column":0},"end":{"line":14,"column":30}},"14":{"start":{"line":15,"column":0},"end":{"line":15,"column":32}},"15":{"start":{"line":16,"column":0},"end":{"line":16,"column":59}},"16":{"start":{"line":17,"column":0},"end":{"line":17,"column":2}}},"s":{"0":1,"1":1,"2":1,"3":1,"4":1,"5":1,"6":1,"7":1,"8":1,"9":1,"10":1,"11":1,"12":1,"13":1,"14":1,"15":1,"16":1},"branchMap":{},"b":{},"fnMap":{},"f":{}}
,"C:\\Users\\Shirel\\OneDrive\\Desktop\\שנה ג\\אפליקציות אינטרנטיות\\Blend\\blendApp\\config\\default.ts": {"path":"C:\\Users\\Shirel\\OneDrive\\Desktop\\שנה ג\\אפליקציות אינטרנטיות\\Blend\\blendApp\\config\\default.ts","all":false,"statementMap":{"0":{"start":{"line":1,"column":0},"end":{"line":1,"column":19}},"1":{"start":{"line":2,"column":0},"end":{"line":2,"column":16}},"2":{"start":{"line":3,"column":0},"end":{"line":3,"column":30}},"3":{"start":{"line":4,"column":0},"end":{"line":4,"column":31}},"4":{"start":{"line":5,"column":0},"end":{"line":5,"column":38}},"5":{"start":{"line":6,"column":0},"end":{"line":6,"column":28}},"6":{"start":{"line":7,"column":0},"end":{"line":7,"column":28}},"7":{"start":{"line":8,"column":0},"end":{"line":8,"column":36}},"8":{"start":{"line":9,"column":0},"end":{"line":9,"column":20}},"9":{"start":{"line":10,"column":0},"end":{"line":10,"column":82}},"10":{"start":{"line":11,"column":0},"end":{"line":11,"column":63}},"11":{"start":{"line":12,"column":0},"end":{"line":12,"column":81}},"12":{"start":{"line":13,"column":0},"end":{"line":13,"column":71}},"13":{"start":{"line":14,"column":0},"end":{"line":14,"column":46}},"14":{"start":{"line":15,"column":0},"end":{"line":15,"column":80}},"15":{"start":{"line":16,"column":0},"end":{"line":16,"column":5}}},"s":{"0":1,"1":1,"2":1,"3":1,"4":1,"5":1,"6":1,"7":1,"8":1,"9":1,"10":1,"11":1,"12":1,"13":1,"14":1,"15":1},"branchMap":{},"b":{},"fnMap":{},"f":{}}
,"C:\\Users\\Shirel\\OneDrive\\Desktop\\שנה ג\\אפליקציות אינטרנטיות\\Blend\\blendApp\\src\\app.ts": {"path":"C:\\Users\\Shirel\\OneDrive\\Desktop\\שנה ג\\אפליקציות אינטרנטיות\\Blend\\blendApp\\src\\app.ts","all":false,"statementMap":{"0":{"start":{"line":1,"column":0},"end":{"line":1,"column":27}},"1":{"start":{"line":2,"column":0},"end":{"line":2,"column":76}},"2":{"start":{"line":3,"column":0},"end":{"line":3,"column":0}},"3":{"start":{"line":4,"column":0},"end":{"line":4,"column":43}},"4":{"start":{"line":5,"column":0},"end":{"line":5,"column":41}},"5":{"start":{"line":6,"column":0},"end":{"line":6,"column":0}},"6":{"start":{"line":7,"column":0},"end":{"line":7,"column":28}},"7":{"start":{"line":8,"column":0},"end":{"line":8,"column":28}},"8":{"start":{"line":9,"column":0},"end":{"line":9,"column":24}},"9":{"start":{"line":10,"column":0},"end":{"line":10,"column":41}},"10":{"start":{"line":11,"column":0},"end":{"line":11,"column":24}},"11":{"start":{"line":12,"column":0},"end":{"line":12,"column":0}},"12":{"start":{"line":13,"column":0},"end":{"line":13,"column":45}},"13":{"start":{"line":14,"column":0},"end":{"line":14,"column":45}},"14":{"start":{"line":15,"column":0},"end":{"line":15,"column":51}},"15":{"start":{"line":16,"column":0},"end":{"line":16,"column":45}},"16":{"start":{"line":17,"column":0},"end":{"line":17,"column":47}},"17":{"start":{"line":18,"column":0},"end":{"line":18,"column":0}},"18":{"start":{"line":19,"column":0},"end":{"line":19,"column":46}},"19":{"start":{"line":20,"column":0},"end":{"line":20,"column":68}},"20":{"start":{"line":21,"column":0},"end":{"line":21,"column":0}},"21":{"start":{"line":22,"column":0},"end":{"line":22,"column":24}},"22":{"start":{"line":23,"column":0},"end":{"line":23,"column":15}},"23":{"start":{"line":24,"column":0},"end":{"line":24,"column":21}},"24":{"start":{"line":25,"column":0},"end":{"line":25,"column":11}},"25":{"start":{"line":26,"column":0},"end":{"line":26,"column":25}},"26":{"start":{"line":27,"column":0},"end":{"line":27,"column":23}},"27":{"start":{"line":28,"column":0},"end":{"line":28,"column":49}},"28":{"start":{"line":29,"column":0},"end":{"line":29,"column":6}},"29":{"start":{"line":30,"column":0},"end":{"line":30,"column":14}},"30":{"start":{"line":31,"column":0},"end":{"line":31,"column":7}},"31":{"start":{"line":32,"column":0},"end":{"line":32,"column":56}},"32":{"start":{"line":33,"column":0},"end":{"line":33,"column":8}},"33":{"start":{"line":34,"column":0},"end":{"line":34,"column":6}},"34":{"start":{"line":35,"column":0},"end":{"line":35,"column":4}},"35":{"start":{"line":36,"column":0},"end":{"line":36,"column":33}},"36":{"start":{"line":37,"column":0},"end":{"line":37,"column":44}},"37":{"start":{"line":38,"column":0},"end":{"line":38,"column":2}},"38":{"start":{"line":39,"column":0},"end":{"line":39,"column":0}},"39":{"start":{"line":40,"column":0},"end":{"line":40,"column":41}},"40":{"start":{"line":41,"column":0},"end":{"line":41,"column":53}},"41":{"start":{"line":42,"column":0},"end":{"line":42,"column":28}},"42":{"start":{"line":43,"column":0},"end":{"line":43,"column":28}},"43":{"start":{"line":44,"column":0},"end":{"line":44,"column":36}},"44":{"start":{"line":45,"column":0},"end":{"line":45,"column":60}},"45":{"start":{"line":46,"column":0},"end":{"line":46,"column":0}},"46":{"start":{"line":47,"column":0},"end":{"line":47,"column":19}},"47":{"start":{"line":48,"column":0},"end":{"line":48,"column":0}},"48":{"start":{"line":49,"column":0},"end":{"line":49,"column":23}},"49":{"start":{"line":50,"column":0},"end":{"line":50,"column":47}},"50":{"start":{"line":51,"column":0},"end":{"line":51,"column":0}},"51":{"start":{"line":52,"column":0},"end":{"line":52,"column":25}},"52":{"start":{"line":53,"column":0},"end":{"line":53,"column":30}},"53":{"start":{"line":54,"column":0},"end":{"line":54,"column":0}},"54":{"start":{"line":55,"column":0},"end":{"line":55,"column":16}},"55":{"start":{"line":56,"column":0},"end":{"line":56,"column":14}},"56":{"start":{"line":57,"column":0},"end":{"line":57,"column":14}},"57":{"start":{"line":58,"column":0},"end":{"line":58,"column":37}},"58":{"start":{"line":59,"column":0},"end":{"line":59,"column":28}},"59":{"start":{"line":60,"column":0},"end":{"line":60,"column":10}},"60":{"start":{"line":61,"column":0},"end":{"line":61,"column":8}},"61":{"start":{"line":62,"column":0},"end":{"line":62,"column":3}},"62":{"start":{"line":63,"column":0},"end":{"line":63,"column":50}},"63":{"start":{"line":64,"column":0},"end":{"line":64,"column":50}},"64":{"start":{"line":65,"column":0},"end":{"line":65,"column":40}},"65":{"start":{"line":66,"column":0},"end":{"line":66,"column":39}},"66":{"start":{"line":67,"column":0},"end":{"line":67,"column":39}},"67":{"start":{"line":68,"column":0},"end":{"line":68,"column":42}},"68":{"start":{"line":69,"column":0},"end":{"line":69,"column":0}},"69":{"start":{"line":70,"column":0},"end":{"line":70,"column":0}},"70":{"start":{"line":71,"column":0},"end":{"line":71,"column":18}},"71":{"start":{"line":72,"column":0},"end":{"line":72,"column":73}},"72":{"start":{"line":73,"column":0},"end":{"line":73,"column":0}},"73":{"start":{"line":74,"column":0},"end":{"line":74,"column":16}},"74":{"start":{"line":75,"column":0},"end":{"line":75,"column":55}},"75":{"start":{"line":76,"column":0},"end":{"line":76,"column":74}},"76":{"start":{"line":77,"column":0},"end":{"line":77,"column":0}},"77":{"start":{"line":78,"column":0},"end":{"line":78,"column":15}},"78":{"start":{"line":79,"column":0},"end":{"line":79,"column":53}},"79":{"start":{"line":80,"column":0},"end":{"line":80,"column":43}},"80":{"start":{"line":81,"column":0},"end":{"line":81,"column":42}},"81":{"start":{"line":82,"column":0},"end":{"line":82,"column":42}},"82":{"start":{"line":83,"column":0},"end":{"line":83,"column":45}},"83":{"start":{"line":84,"column":0},"end":{"line":84,"column":0}},"84":{"start":{"line":85,"column":0},"end":{"line":85,"column":9}},"85":{"start":{"line":86,"column":0},"end":{"line":86,"column":17}},"86":{"start":{"line":87,"column":0},"end":{"line":87,"column":8}},"87":{"start":{"line":88,"column":0},"end":{"line":88,"column":28}},"88":{"start":{"line":89,"column":0},"end":{"line":89,"column":15}},"89":{"start":{"line":90,"column":0},"end":{"line":90,"column":56}},"90":{"start":{"line":91,"column":0},"end":{"line":91,"column":9}},"91":{"start":{"line":92,"column":0},"end":{"line":92,"column":14}},"92":{"start":{"line":93,"column":0},"end":{"line":93,"column":29}},"93":{"start":{"line":94,"column":0},"end":{"line":94,"column":62}},"94":{"start":{"line":95,"column":0},"end":{"line":95,"column":32}},"95":{"start":{"line":96,"column":0},"end":{"line":96,"column":30}},"96":{"start":{"line":97,"column":0},"end":{"line":97,"column":59}},"97":{"start":{"line":98,"column":0},"end":{"line":98,"column":13}},"98":{"start":{"line":99,"column":0},"end":{"line":99,"column":9}},"99":{"start":{"line":100,"column":0},"end":{"line":100,"column":8}},"100":{"start":{"line":101,"column":0},"end":{"line":101,"column":69}},"101":{"start":{"line":102,"column":0},"end":{"line":102,"column":41}},"102":{"start":{"line":103,"column":0},"end":{"line":103,"column":35}},"103":{"start":{"line":104,"column":0},"end":{"line":104,"column":57}},"104":{"start":{"line":105,"column":0},"end":{"line":105,"column":8}},"105":{"start":{"line":106,"column":0},"end":{"line":106,"column":9}},"106":{"start":{"line":107,"column":0},"end":{"line":107,"column":17}},"107":{"start":{"line":108,"column":0},"end":{"line":108,"column":11}},"108":{"start":{"line":109,"column":0},"end":{"line":109,"column":15}},"109":{"start":{"line":110,"column":0},"end":{"line":110,"column":64}},"110":{"start":{"line":111,"column":0},"end":{"line":111,"column":9}},"111":{"start":{"line":112,"column":0},"end":{"line":112,"column":73}},"112":{"start":{"line":113,"column":0},"end":{"line":113,"column":75}},"113":{"start":{"line":114,"column":0},"end":{"line":114,"column":29}},"114":{"start":{"line":115,"column":0},"end":{"line":115,"column":18}},"115":{"start":{"line":116,"column":0},"end":{"line":116,"column":9}},"116":{"start":{"line":117,"column":0},"end":{"line":117,"column":0}},"117":{"start":{"line":118,"column":0},"end":{"line":118,"column":24}},"118":{"start":{"line":119,"column":0},"end":{"line":119,"column":37}},"119":{"start":{"line":120,"column":0},"end":{"line":120,"column":66}},"120":{"start":{"line":121,"column":0},"end":{"line":121,"column":39}},"121":{"start":{"line":122,"column":0},"end":{"line":122,"column":39}},"122":{"start":{"line":123,"column":0},"end":{"line":123,"column":8}},"123":{"start":{"line":124,"column":0},"end":{"line":124,"column":0}},"124":{"start":{"line":125,"column":0},"end":{"line":125,"column":29}},"125":{"start":{"line":126,"column":0},"end":{"line":126,"column":78}},"126":{"start":{"line":127,"column":0},"end":{"line":127,"column":43}},"127":{"start":{"line":128,"column":0},"end":{"line":128,"column":47}},"128":{"start":{"line":129,"column":0},"end":{"line":129,"column":0}},"129":{"start":{"line":130,"column":0},"end":{"line":130,"column":41}},"130":{"start":{"line":131,"column":0},"end":{"line":131,"column":29}},"131":{"start":{"line":132,"column":0},"end":{"line":132,"column":31}},"132":{"start":{"line":133,"column":0},"end":{"line":133,"column":11}},"133":{"start":{"line":134,"column":0},"end":{"line":134,"column":9}},"134":{"start":{"line":135,"column":0},"end":{"line":135,"column":0}},"135":{"start":{"line":136,"column":0},"end":{"line":136,"column":19}},"136":{"start":{"line":137,"column":0},"end":{"line":137,"column":7}},"137":{"start":{"line":138,"column":0},"end":{"line":138,"column":5}},"138":{"start":{"line":139,"column":0},"end":{"line":139,"column":17}},"139":{"start":{"line":140,"column":0},"end":{"line":140,"column":2}},"140":{"start":{"line":141,"column":0},"end":{"line":141,"column":0}},"141":{"start":{"line":142,"column":0},"end":{"line":142,"column":23}}},"s":{"0":1,"1":1,"2":1,"3":1,"4":1,"5":1,"6":1,"7":1,"8":1,"9":1,"10":1,"11":1,"12":1,"13":1,"14":1,"15":1,"16":1,"17":1,"18":1,"19":1,"20":1,"21":1,"22":1,"23":1,"24":1,"25":1,"26":1,"27":1,"28":1,"29":1,"30":1,"31":1,"32":1,"33":1,"34":1,"35":1,"36":1,"37":1,"38":1,"39":1,"40":3,"41":3,"42":3,"43":3,"44":3,"45":3,"46":3,"47":3,"48":3,"49":3,"50":3,"51":3,"52":3,"53":3,"54":3,"55":3,"56":3,"57":3,"58":3,"59":3,"60":3,"61":3,"62":3,"63":3,"64":3,"65":3,"66":3,"67":3,"68":3,"69":3,"70":3,"71":3,"72":3,"73":3,"74":3,"75":3,"76":3,"77":3,"78":3,"79":3,"80":3,"81":3,"82":3,"83":3,"84":3,"85":3,"86":3,"87":3,"88":3,"89":3,"90":3,"91":3,"92":3,"93":3,"94":0,"95":0,"96":0,"97":0,"98":0,"99":3,"100":3,"101":3,"102":3,"103":0,"104":3,"105":3,"106":3,"107":3,"108":3,"109":3,"110":3,"111":3,"112":0,"113":0,"114":0,"115":3,"116":3,"117":3,"118":3,"119":3,"120":3,"121":3,"122":3,"123":3,"124":3,"125":3,"126":6,"127":6,"128":6,"129":6,"130":6,"131":6,"132":6,"133":3,"134":3,"135":3,"136":3,"137":3,"138":3,"139":3,"140":1,"141":1},"branchMap":{"0":{"type":"branch","line":40,"loc":{"start":{"line":40,"column":16},"end":{"line":140,"column":2}},"locations":[{"start":{"line":40,"column":16},"end":{"line":140,"column":2}}]},"1":{"type":"branch","line":41,"loc":{"start":{"line":41,"column":39},"end":{"line":138,"column":3}},"locations":[{"start":{"line":41,"column":39},"end":{"line":138,"column":3}}]},"2":{"type":"branch","line":42,"loc":{"start":{"line":42,"column":21},"end":{"line":137,"column":5}},"locations":[{"start":{"line":42,"column":21},"end":{"line":137,"column":5}}]},"3":{"type":"branch","line":72,"loc":{"start":{"line":72,"column":50},"end":{"line":72,"column":73}},"locations":[{"start":{"line":72,"column":50},"end":{"line":72,"column":73}}]},"4":{"type":"branch","line":120,"loc":{"start":{"line":120,"column":47},"end":{"line":120,"column":49}},"locations":[{"start":{"line":120,"column":47},"end":{"line":120,"column":49}}]},"5":{"type":"branch","line":120,"loc":{"start":{"line":120,"column":59},"end":{"line":120,"column":65}},"locations":[{"start":{"line":120,"column":59},"end":{"line":120,"column":65}}]},"6":{"type":"branch","line":121,"loc":{"start":{"line":121,"column":32},"end":{"line":121,"column":38}},"locations":[{"start":{"line":121,"column":32},"end":{"line":121,"column":38}}]},"7":{"type":"branch","line":122,"loc":{"start":{"line":122,"column":33},"end":{"line":122,"column":39}},"locations":[{"start":{"line":122,"column":33},"end":{"line":122,"column":39}}]},"8":{"type":"branch","line":126,"loc":{"start":{"line":126,"column":14},"end":{"line":134,"column":7}},"locations":[{"start":{"line":126,"column":14},"end":{"line":134,"column":7}}]},"9":{"type":"branch","line":127,"loc":{"start":{"line":127,"column":31},"end":{"line":127,"column":42}},"locations":[{"start":{"line":127,"column":31},"end":{"line":127,"column":42}}]},"10":{"type":"branch","line":128,"loc":{"start":{"line":128,"column":39},"end":{"line":128,"column":46}},"locations":[{"start":{"line":128,"column":39},"end":{"line":128,"column":46}}]}},"b":{"0":[3],"1":[3],"2":[3],"3":[0],"4":[0],"5":[0],"6":[0],"7":[0],"8":[6],"9":[2],"10":[2]},"fnMap":{"0":{"name":"initApp","decl":{"start":{"line":40,"column":16},"end":{"line":140,"column":2}},"loc":{"start":{"line":40,"column":16},"end":{"line":140,"column":2}},"line":40}},"f":{"0":3}}
,"C:\\Users\\Shirel\\OneDrive\\Desktop\\שנה ג\\אפליקציות אינטרנטיות\\Blend\\blendApp\\src\\controllers\\auth.controller.ts": {"path":"C:\\Users\\Shirel\\OneDrive\\Desktop\\שנה ג\\אפליקציות אינטרנטיות\\Blend\\blendApp\\src\\controllers\\auth.controller.ts","all":false,"statementMap":{"0":{"start":{"line":1,"column":0},"end":{"line":1,"column":28}},"1":{"start":{"line":2,"column":0},"end":{"line":2,"column":73}},"2":{"start":{"line":3,"column":0},"end":{"line":3,"column":73}},"3":{"start":{"line":4,"column":0},"end":{"line":4,"column":8}},"4":{"start":{"line":5,"column":0},"end":{"line":5,"column":13}},"5":{"start":{"line":6,"column":0},"end":{"line":6,"column":20}},"6":{"start":{"line":7,"column":0},"end":{"line":7,"column":11}},"7":{"start":{"line":8,"column":0},"end":{"line":8,"column":15}},"8":{"start":{"line":9,"column":0},"end":{"line":9,"column":12}},"9":{"start":{"line":10,"column":0},"end":{"line":10,"column":34}},"10":{"start":{"line":11,"column":0},"end":{"line":11,"column":41}},"11":{"start":{"line":12,"column":0},"end":{"line":12,"column":55}},"12":{"start":{"line":13,"column":0},"end":{"line":13,"column":8}},"13":{"start":{"line":14,"column":0},"end":{"line":14,"column":28}},"14":{"start":{"line":15,"column":0},"end":{"line":15,"column":28}},"15":{"start":{"line":16,"column":0},"end":{"line":16,"column":37}},"16":{"start":{"line":17,"column":0},"end":{"line":17,"column":8}},"17":{"start":{"line":18,"column":0},"end":{"line":18,"column":22}},"18":{"start":{"line":19,"column":0},"end":{"line":19,"column":16}},"19":{"start":{"line":20,"column":0},"end":{"line":20,"column":37}},"20":{"start":{"line":21,"column":0},"end":{"line":21,"column":0}},"21":{"start":{"line":22,"column":0},"end":{"line":22,"column":40}},"22":{"start":{"line":23,"column":0},"end":{"line":23,"column":43}},"23":{"start":{"line":24,"column":0},"end":{"line":24,"column":0}},"24":{"start":{"line":25,"column":0},"end":{"line":25,"column":17}},"25":{"start":{"line":26,"column":0},"end":{"line":26,"column":0}},"26":{"start":{"line":27,"column":0},"end":{"line":27,"column":64}},"27":{"start":{"line":28,"column":0},"end":{"line":28,"column":53}},"28":{"start":{"line":29,"column":0},"end":{"line":29,"column":6}},"29":{"start":{"line":30,"column":0},"end":{"line":30,"column":0}},"30":{"start":{"line":31,"column":0},"end":{"line":31,"column":49}},"31":{"start":{"line":32,"column":0},"end":{"line":32,"column":20}},"32":{"start":{"line":33,"column":0},"end":{"line":33,"column":49}},"33":{"start":{"line":34,"column":0},"end":{"line":34,"column":4}},"34":{"start":{"line":35,"column":0},"end":{"line":35,"column":43}},"35":{"start":{"line":36,"column":0},"end":{"line":36,"column":17}},"36":{"start":{"line":37,"column":0},"end":{"line":37,"column":18}},"37":{"start":{"line":38,"column":0},"end":{"line":38,"column":2}},"38":{"start":{"line":39,"column":0},"end":{"line":39,"column":0}},"39":{"start":{"line":40,"column":0},"end":{"line":40,"column":66}},"40":{"start":{"line":41,"column":0},"end":{"line":41,"column":54}},"41":{"start":{"line":42,"column":0},"end":{"line":42,"column":6}},"42":{"start":{"line":43,"column":0},"end":{"line":43,"column":0}},"43":{"start":{"line":44,"column":0},"end":{"line":44,"column":50}},"44":{"start":{"line":45,"column":0},"end":{"line":45,"column":20}},"45":{"start":{"line":46,"column":0},"end":{"line":46,"column":50}},"46":{"start":{"line":47,"column":0},"end":{"line":47,"column":4}},"47":{"start":{"line":48,"column":0},"end":{"line":48,"column":44}},"48":{"start":{"line":49,"column":0},"end":{"line":49,"column":17}},"49":{"start":{"line":50,"column":0},"end":{"line":50,"column":18}},"50":{"start":{"line":51,"column":0},"end":{"line":51,"column":2}},"51":{"start":{"line":52,"column":0},"end":{"line":52,"column":0}},"52":{"start":{"line":53,"column":0},"end":{"line":53,"column":40}},"53":{"start":{"line":54,"column":0},"end":{"line":54,"column":42}},"54":{"start":{"line":55,"column":0},"end":{"line":55,"column":41}},"55":{"start":{"line":56,"column":0},"end":{"line":56,"column":0}},"56":{"start":{"line":57,"column":0},"end":{"line":57,"column":38}},"57":{"start":{"line":58,"column":0},"end":{"line":58,"column":40}},"58":{"start":{"line":59,"column":0},"end":{"line":59,"column":16}},"59":{"start":{"line":60,"column":0},"end":{"line":60,"column":20}},"60":{"start":{"line":61,"column":0},"end":{"line":61,"column":6}},"61":{"start":{"line":62,"column":0},"end":{"line":62,"column":7}},"62":{"start":{"line":63,"column":0},"end":{"line":63,"column":35}},"63":{"start":{"line":64,"column":0},"end":{"line":64,"column":28}},"64":{"start":{"line":65,"column":0},"end":{"line":65,"column":26}},"65":{"start":{"line":66,"column":0},"end":{"line":66,"column":34}},"66":{"start":{"line":67,"column":0},"end":{"line":67,"column":23}},"67":{"start":{"line":68,"column":0},"end":{"line":68,"column":7}},"68":{"start":{"line":69,"column":0},"end":{"line":69,"column":0}},"69":{"start":{"line":70,"column":0},"end":{"line":70,"column":26}},"70":{"start":{"line":71,"column":0},"end":{"line":71,"column":24}},"71":{"start":{"line":72,"column":0},"end":{"line":72,"column":13}},"72":{"start":{"line":73,"column":0},"end":{"line":73,"column":13}},"73":{"start":{"line":74,"column":0},"end":{"line":74,"column":8}},"74":{"start":{"line":75,"column":0},"end":{"line":75,"column":7}},"75":{"start":{"line":76,"column":0},"end":{"line":76,"column":22}},"76":{"start":{"line":77,"column":0},"end":{"line":77,"column":29}},"77":{"start":{"line":78,"column":0},"end":{"line":78,"column":35}},"78":{"start":{"line":79,"column":0},"end":{"line":79,"column":23}},"79":{"start":{"line":80,"column":0},"end":{"line":80,"column":39}},"80":{"start":{"line":81,"column":0},"end":{"line":81,"column":9}},"81":{"start":{"line":82,"column":0},"end":{"line":82,"column":5}},"82":{"start":{"line":83,"column":0},"end":{"line":83,"column":14}},"83":{"start":{"line":84,"column":0},"end":{"line":84,"column":3}},"84":{"start":{"line":85,"column":0},"end":{"line":85,"column":2}},"85":{"start":{"line":86,"column":0},"end":{"line":86,"column":0}},"86":{"start":{"line":87,"column":0},"end":{"line":87,"column":35}},"87":{"start":{"line":88,"column":0},"end":{"line":88,"column":39}},"88":{"start":{"line":89,"column":0},"end":{"line":89,"column":16}},"89":{"start":{"line":90,"column":0},"end":{"line":90,"column":20}},"90":{"start":{"line":91,"column":0},"end":{"line":91,"column":6}},"91":{"start":{"line":92,"column":0},"end":{"line":92,"column":7}},"92":{"start":{"line":93,"column":0},"end":{"line":93,"column":39}},"93":{"start":{"line":94,"column":0},"end":{"line":94,"column":59}},"94":{"start":{"line":95,"column":0},"end":{"line":95,"column":0}},"95":{"start":{"line":96,"column":0},"end":{"line":96,"column":50}},"96":{"start":{"line":97,"column":0},"end":{"line":97,"column":8}},"97":{"start":{"line":98,"column":0},"end":{"line":98,"column":14}},"98":{"start":{"line":99,"column":0},"end":{"line":99,"column":70}},"99":{"start":{"line":100,"column":0},"end":{"line":100,"column":7}},"100":{"start":{"line":101,"column":0},"end":{"line":101,"column":66}},"101":{"start":{"line":102,"column":0},"end":{"line":102,"column":5}},"102":{"start":{"line":103,"column":0},"end":{"line":103,"column":0}},"103":{"start":{"line":104,"column":0},"end":{"line":104,"column":43}},"104":{"start":{"line":105,"column":0},"end":{"line":105,"column":66}},"105":{"start":{"line":106,"column":0},"end":{"line":106,"column":0}},"106":{"start":{"line":107,"column":0},"end":{"line":107,"column":34}},"107":{"start":{"line":108,"column":0},"end":{"line":108,"column":71}},"108":{"start":{"line":109,"column":0},"end":{"line":109,"column":74}},"109":{"start":{"line":110,"column":0},"end":{"line":110,"column":35}},"110":{"start":{"line":111,"column":0},"end":{"line":111,"column":34}},"111":{"start":{"line":112,"column":0},"end":{"line":112,"column":22}},"112":{"start":{"line":113,"column":0},"end":{"line":113,"column":7}},"113":{"start":{"line":114,"column":0},"end":{"line":114,"column":0}},"114":{"start":{"line":115,"column":0},"end":{"line":115,"column":24}},"115":{"start":{"line":116,"column":0},"end":{"line":116,"column":26}},"116":{"start":{"line":117,"column":0},"end":{"line":117,"column":24}},"117":{"start":{"line":118,"column":0},"end":{"line":118,"column":32}},"118":{"start":{"line":119,"column":0},"end":{"line":119,"column":7}},"119":{"start":{"line":120,"column":0},"end":{"line":120,"column":22}},"120":{"start":{"line":121,"column":0},"end":{"line":121,"column":14}},"121":{"start":{"line":122,"column":0},"end":{"line":122,"column":3}},"122":{"start":{"line":123,"column":0},"end":{"line":123,"column":2}},"123":{"start":{"line":124,"column":0},"end":{"line":124,"column":0}},"124":{"start":{"line":125,"column":0},"end":{"line":125,"column":35}},"125":{"start":{"line":126,"column":0},"end":{"line":126,"column":48}},"126":{"start":{"line":127,"column":0},"end":{"line":127,"column":49}},"127":{"start":{"line":128,"column":0},"end":{"line":128,"column":31}},"128":{"start":{"line":129,"column":0},"end":{"line":129,"column":14}},"129":{"start":{"line":130,"column":0},"end":{"line":130,"column":5}},"130":{"start":{"line":131,"column":0},"end":{"line":131,"column":2}},"131":{"start":{"line":132,"column":0},"end":{"line":132,"column":0}},"132":{"start":{"line":133,"column":0},"end":{"line":133,"column":48}},"133":{"start":{"line":134,"column":0},"end":{"line":134,"column":15}},"134":{"start":{"line":135,"column":0},"end":{"line":135,"column":16}},"135":{"start":{"line":136,"column":0},"end":{"line":136,"column":20}},"136":{"start":{"line":137,"column":0},"end":{"line":137,"column":6}},"137":{"start":{"line":138,"column":0},"end":{"line":138,"column":7}},"138":{"start":{"line":139,"column":0},"end":{"line":139,"column":40}},"139":{"start":{"line":140,"column":0},"end":{"line":140,"column":62}},"140":{"start":{"line":141,"column":0},"end":{"line":141,"column":0}},"141":{"start":{"line":142,"column":0},"end":{"line":142,"column":33}},"142":{"start":{"line":143,"column":0},"end":{"line":143,"column":47}},"143":{"start":{"line":144,"column":0},"end":{"line":144,"column":20}},"144":{"start":{"line":145,"column":0},"end":{"line":145,"column":29}},"145":{"start":{"line":146,"column":0},"end":{"line":146,"column":6}},"146":{"start":{"line":147,"column":0},"end":{"line":147,"column":53}},"147":{"start":{"line":148,"column":0},"end":{"line":148,"column":19}},"148":{"start":{"line":149,"column":0},"end":{"line":149,"column":46}},"149":{"start":{"line":150,"column":0},"end":{"line":150,"column":5}},"150":{"start":{"line":151,"column":0},"end":{"line":151,"column":0}},"151":{"start":{"line":152,"column":0},"end":{"line":152,"column":44}},"152":{"start":{"line":153,"column":0},"end":{"line":153,"column":66}},"153":{"start":{"line":154,"column":0},"end":{"line":154,"column":32}},"154":{"start":{"line":155,"column":0},"end":{"line":155,"column":46}},"155":{"start":{"line":156,"column":0},"end":{"line":156,"column":5}},"156":{"start":{"line":157,"column":0},"end":{"line":157,"column":0}},"157":{"start":{"line":158,"column":0},"end":{"line":158,"column":30}},"158":{"start":{"line":159,"column":0},"end":{"line":159,"column":69}},"159":{"start":{"line":160,"column":0},"end":{"line":160,"column":0}},"160":{"start":{"line":161,"column":0},"end":{"line":161,"column":16}},"161":{"start":{"line":162,"column":0},"end":{"line":162,"column":46}},"162":{"start":{"line":163,"column":0},"end":{"line":163,"column":5}},"163":{"start":{"line":164,"column":0},"end":{"line":164,"column":0}},"164":{"start":{"line":165,"column":0},"end":{"line":165,"column":28}},"165":{"start":{"line":166,"column":0},"end":{"line":166,"column":78}},"166":{"start":{"line":167,"column":0},"end":{"line":167,"column":59}},"167":{"start":{"line":168,"column":0},"end":{"line":168,"column":7}},"168":{"start":{"line":169,"column":0},"end":{"line":169,"column":0}},"169":{"start":{"line":170,"column":0},"end":{"line":170,"column":38}},"170":{"start":{"line":171,"column":0},"end":{"line":171,"column":71}},"171":{"start":{"line":172,"column":0},"end":{"line":172,"column":35}},"172":{"start":{"line":173,"column":0},"end":{"line":173,"column":34}},"173":{"start":{"line":174,"column":0},"end":{"line":174,"column":22}},"174":{"start":{"line":175,"column":0},"end":{"line":175,"column":7}},"175":{"start":{"line":176,"column":0},"end":{"line":176,"column":0}},"176":{"start":{"line":177,"column":0},"end":{"line":177,"column":20}},"177":{"start":{"line":178,"column":0},"end":{"line":178,"column":26}},"178":{"start":{"line":179,"column":0},"end":{"line":179,"column":24}},"179":{"start":{"line":180,"column":0},"end":{"line":180,"column":32}},"180":{"start":{"line":181,"column":0},"end":{"line":181,"column":7}},"181":{"start":{"line":182,"column":0},"end":{"line":182,"column":22}},"182":{"start":{"line":183,"column":0},"end":{"line":183,"column":14}},"183":{"start":{"line":184,"column":0},"end":{"line":184,"column":3}},"184":{"start":{"line":185,"column":0},"end":{"line":185,"column":2}},"185":{"start":{"line":186,"column":0},"end":{"line":186,"column":0}},"186":{"start":{"line":187,"column":0},"end":{"line":187,"column":36}},"187":{"start":{"line":188,"column":0},"end":{"line":188,"column":15}},"188":{"start":{"line":189,"column":0},"end":{"line":189,"column":16}},"189":{"start":{"line":190,"column":0},"end":{"line":190,"column":20}},"190":{"start":{"line":191,"column":0},"end":{"line":191,"column":6}},"191":{"start":{"line":192,"column":0},"end":{"line":192,"column":7}},"192":{"start":{"line":193,"column":0},"end":{"line":193,"column":33}},"193":{"start":{"line":194,"column":0},"end":{"line":194,"column":42}},"194":{"start":{"line":195,"column":0},"end":{"line":195,"column":16}},"195":{"start":{"line":196,"column":0},"end":{"line":196,"column":55}},"196":{"start":{"line":197,"column":0},"end":{"line":197,"column":22}},"197":{"start":{"line":198,"column":0},"end":{"line":198,"column":14}},"198":{"start":{"line":199,"column":0},"end":{"line":199,"column":3}},"199":{"start":{"line":200,"column":0},"end":{"line":200,"column":2}},"200":{"start":{"line":201,"column":0},"end":{"line":201,"column":0}},"201":{"start":{"line":202,"column":0},"end":{"line":202,"column":41}},"202":{"start":{"line":203,"column":0},"end":{"line":203,"column":15}},"203":{"start":{"line":204,"column":0},"end":{"line":204,"column":16}},"204":{"start":{"line":205,"column":0},"end":{"line":205,"column":20}},"205":{"start":{"line":206,"column":0},"end":{"line":206,"column":6}},"206":{"start":{"line":207,"column":0},"end":{"line":207,"column":7}},"207":{"start":{"line":208,"column":0},"end":{"line":208,"column":34}},"208":{"start":{"line":209,"column":0},"end":{"line":209,"column":42}},"209":{"start":{"line":210,"column":0},"end":{"line":210,"column":55}},"210":{"start":{"line":211,"column":0},"end":{"line":211,"column":0}},"211":{"start":{"line":212,"column":0},"end":{"line":212,"column":16}},"212":{"start":{"line":213,"column":0},"end":{"line":213,"column":73}},"213":{"start":{"line":214,"column":0},"end":{"line":214,"column":5}},"214":{"start":{"line":215,"column":0},"end":{"line":215,"column":0}},"215":{"start":{"line":216,"column":0},"end":{"line":216,"column":51}},"216":{"start":{"line":217,"column":0},"end":{"line":217,"column":75}},"217":{"start":{"line":218,"column":0},"end":{"line":218,"column":0}},"218":{"start":{"line":219,"column":0},"end":{"line":219,"column":36}},"219":{"start":{"line":220,"column":0},"end":{"line":220,"column":74}},"220":{"start":{"line":221,"column":0},"end":{"line":221,"column":15}},"221":{"start":{"line":222,"column":0},"end":{"line":222,"column":19}},"222":{"start":{"line":223,"column":0},"end":{"line":223,"column":7}},"223":{"start":{"line":224,"column":0},"end":{"line":224,"column":0}},"224":{"start":{"line":225,"column":0},"end":{"line":225,"column":32}},"225":{"start":{"line":226,"column":0},"end":{"line":226,"column":26}},"226":{"start":{"line":227,"column":0},"end":{"line":227,"column":68}},"227":{"start":{"line":228,"column":0},"end":{"line":228,"column":5}},"228":{"start":{"line":229,"column":0},"end":{"line":229,"column":0}},"229":{"start":{"line":230,"column":0},"end":{"line":230,"column":59}},"230":{"start":{"line":231,"column":0},"end":{"line":231,"column":41}},"231":{"start":{"line":232,"column":0},"end":{"line":232,"column":16}},"232":{"start":{"line":233,"column":0},"end":{"line":233,"column":7}},"233":{"start":{"line":234,"column":0},"end":{"line":234,"column":13}},"234":{"start":{"line":235,"column":0},"end":{"line":235,"column":23}},"235":{"start":{"line":236,"column":0},"end":{"line":236,"column":14}},"236":{"start":{"line":237,"column":0},"end":{"line":237,"column":27}},"237":{"start":{"line":238,"column":0},"end":{"line":238,"column":23}},"238":{"start":{"line":239,"column":0},"end":{"line":239,"column":8}},"239":{"start":{"line":240,"column":0},"end":{"line":240,"column":67}},"240":{"start":{"line":241,"column":0},"end":{"line":241,"column":6}},"241":{"start":{"line":242,"column":0},"end":{"line":242,"column":0}},"242":{"start":{"line":243,"column":0},"end":{"line":243,"column":14}},"243":{"start":{"line":244,"column":0},"end":{"line":244,"column":63}},"244":{"start":{"line":245,"column":0},"end":{"line":245,"column":0}},"245":{"start":{"line":246,"column":0},"end":{"line":246,"column":38}},"246":{"start":{"line":247,"column":0},"end":{"line":247,"column":79}},"247":{"start":{"line":248,"column":0},"end":{"line":248,"column":0}},"248":{"start":{"line":249,"column":0},"end":{"line":249,"column":18}},"249":{"start":{"line":250,"column":0},"end":{"line":250,"column":70}},"250":{"start":{"line":251,"column":0},"end":{"line":251,"column":74}},"251":{"start":{"line":252,"column":0},"end":{"line":252,"column":35}},"252":{"start":{"line":253,"column":0},"end":{"line":253,"column":34}},"253":{"start":{"line":254,"column":0},"end":{"line":254,"column":22}},"254":{"start":{"line":255,"column":0},"end":{"line":255,"column":7}},"255":{"start":{"line":256,"column":0},"end":{"line":256,"column":0}},"256":{"start":{"line":257,"column":0},"end":{"line":257,"column":52}},"257":{"start":{"line":258,"column":0},"end":{"line":258,"column":22}},"258":{"start":{"line":259,"column":0},"end":{"line":259,"column":56}},"259":{"start":{"line":260,"column":0},"end":{"line":260,"column":61}},"260":{"start":{"line":261,"column":0},"end":{"line":261,"column":3}},"261":{"start":{"line":262,"column":0},"end":{"line":262,"column":2}}},"s":{"0":1,"1":1,"2":1,"3":1,"4":1,"5":1,"6":1,"7":1,"8":1,"9":1,"10":1,"11":1,"12":1,"13":1,"14":1,"15":1,"16":1,"17":1,"18":1,"19":1,"20":1,"21":1,"22":1,"23":1,"24":1,"25":1,"26":1,"27":1,"28":1,"29":1,"30":1,"31":1,"32":1,"33":1,"34":1,"35":1,"36":1,"37":1,"38":1,"39":1,"40":1,"41":1,"42":1,"43":1,"44":1,"45":1,"46":1,"47":1,"48":1,"49":1,"50":1,"51":1,"52":1,"53":1,"54":1,"55":1,"56":1,"57":2,"58":2,"59":2,"60":2,"61":2,"62":2,"63":2,"64":2,"65":2,"66":2,"67":2,"68":1,"69":1,"70":1,"71":1,"72":1,"73":1,"74":1,"75":1,"76":1,"77":1,"78":1,"79":1,"80":1,"81":1,"82":0,"83":0,"84":2,"85":1,"86":1,"87":2,"88":2,"89":2,"90":2,"91":2,"92":2,"93":2,"94":2,"95":2,"96":2,"97":2,"98":2,"99":2,"100":0,"101":0,"102":2,"103":2,"104":2,"105":2,"106":2,"107":2,"108":2,"109":2,"110":2,"111":2,"112":2,"113":2,"114":2,"115":2,"116":2,"117":2,"118":2,"119":2,"120":0,"121":0,"122":2,"123":1,"124":1,"125":1,"126":1,"127":1,"128":1,"129":1,"130":1,"131":1,"132":1,"133":0,"134":0,"135":0,"136":0,"137":0,"138":0,"139":0,"140":0,"141":0,"142":0,"143":0,"144":0,"145":0,"146":0,"147":0,"148":0,"149":0,"150":0,"151":0,"152":0,"153":0,"154":0,"155":0,"156":0,"157":0,"158":0,"159":0,"160":0,"161":0,"162":0,"163":0,"164":0,"165":0,"166":0,"167":0,"168":0,"169":0,"170":0,"171":0,"172":0,"173":0,"174":0,"175":0,"176":0,"177":0,"178":0,"179":0,"180":0,"181":0,"182":0,"183":0,"184":0,"185":1,"186":1,"187":1,"188":1,"189":1,"190":1,"191":1,"192":1,"193":1,"194":1,"195":1,"196":1,"197":0,"198":0,"199":1,"200":1,"201":1,"202":1,"203":1,"204":1,"205":1,"206":1,"207":1,"208":1,"209":1,"210":1,"211":1,"212":1,"213":1,"214":0,"215":0,"216":0,"217":0,"218":0,"219":0,"220":0,"221":0,"222":0,"223":0,"224":0,"225":0,"226":0,"227":0,"228":0,"229":0,"230":0,"231":0,"232":0,"233":0,"234":0,"235":0,"236":0,"237":0,"238":0,"239":0,"240":0,"241":0,"242":0,"243":0,"244":0,"245":0,"246":0,"247":0,"248":0,"249":0,"250":0,"251":0,"252":0,"253":0,"254":0,"255":0,"256":0,"257":0,"258":0,"259":0,"260":0,"261":1},"branchMap":{"0":{"type":"branch","line":29,"loc":{"start":{"line":29,"column":2},"end":{"line":29,"column":5}},"locations":[{"start":{"line":29,"column":2},"end":{"line":29,"column":5}}]},"1":{"type":"branch","line":42,"loc":{"start":{"line":42,"column":2},"end":{"line":42,"column":5}},"locations":[{"start":{"line":42,"column":2},"end":{"line":42,"column":5}}]},"2":{"type":"branch","line":55,"loc":{"start":{"line":55,"column":2},"end":{"line":55,"column":41}},"locations":[{"start":{"line":55,"column":2},"end":{"line":55,"column":41}}]},"3":{"type":"branch","line":57,"loc":{"start":{"line":57,"column":31},"end":{"line":85,"column":2}},"locations":[{"start":{"line":57,"column":31},"end":{"line":85,"column":2}}]},"4":{"type":"branch","line":61,"loc":{"start":{"line":61,"column":4},"end":{"line":85,"column":2}},"locations":[{"start":{"line":61,"column":4},"end":{"line":85,"column":2}}]},"5":{"type":"branch","line":69,"loc":{"start":{"line":69,"column":-2},"end":{"line":84,"column":3}},"locations":[{"start":{"line":69,"column":-2},"end":{"line":84,"column":3}}]},"6":{"type":"branch","line":83,"loc":{"start":{"line":83,"column":-2},"end":{"line":84,"column":3}},"locations":[{"start":{"line":83,"column":-2},"end":{"line":84,"column":3}}]},"7":{"type":"branch","line":87,"loc":{"start":{"line":87,"column":28},"end":{"line":123,"column":2}},"locations":[{"start":{"line":87,"column":28},"end":{"line":123,"column":2}}]},"8":{"type":"branch","line":91,"loc":{"start":{"line":91,"column":4},"end":{"line":123,"column":2}},"locations":[{"start":{"line":91,"column":4},"end":{"line":123,"column":2}}]},"9":{"type":"branch","line":100,"loc":{"start":{"line":100,"column":6},"end":{"line":102,"column":5}},"locations":[{"start":{"line":100,"column":6},"end":{"line":102,"column":5}}]},"10":{"type":"branch","line":120,"loc":{"start":{"line":120,"column":4},"end":{"line":122,"column":3}},"locations":[{"start":{"line":120,"column":4},"end":{"line":122,"column":3}}]},"11":{"type":"branch","line":125,"loc":{"start":{"line":125,"column":15},"end":{"line":131,"column":2}},"locations":[{"start":{"line":125,"column":15},"end":{"line":131,"column":2}}]},"12":{"type":"branch","line":187,"loc":{"start":{"line":187,"column":29},"end":{"line":200,"column":2}},"locations":[{"start":{"line":187,"column":29},"end":{"line":200,"column":2}}]},"13":{"type":"branch","line":191,"loc":{"start":{"line":191,"column":4},"end":{"line":200,"column":2}},"locations":[{"start":{"line":191,"column":4},"end":{"line":200,"column":2}}]},"14":{"type":"branch","line":197,"loc":{"start":{"line":197,"column":4},"end":{"line":199,"column":3}},"locations":[{"start":{"line":197,"column":4},"end":{"line":199,"column":3}}]},"15":{"type":"branch","line":202,"loc":{"start":{"line":202,"column":34},"end":{"line":262,"column":2}},"locations":[{"start":{"line":202,"column":34},"end":{"line":262,"column":2}}]},"16":{"type":"branch","line":206,"loc":{"start":{"line":206,"column":4},"end":{"line":262,"column":2}},"locations":[{"start":{"line":206,"column":4},"end":{"line":262,"column":2}}]},"17":{"type":"branch","line":215,"loc":{"start":{"line":215,"column":-2},"end":{"line":261,"column":3}},"locations":[{"start":{"line":215,"column":-2},"end":{"line":261,"column":3}}]}},"b":{"0":[0],"1":[0],"2":[0],"3":[2],"4":[2],"5":[1],"6":[0],"7":[2],"8":[2],"9":[0],"10":[0],"11":[1],"12":[1],"13":[1],"14":[0],"15":[1],"16":[1],"17":[0]},"fnMap":{"0":{"name":"registerHandler","decl":{"start":{"line":57,"column":31},"end":{"line":85,"column":2}},"loc":{"start":{"line":57,"column":31},"end":{"line":85,"column":2}},"line":57},"1":{"name":"loginHandler","decl":{"start":{"line":87,"column":28},"end":{"line":123,"column":2}},"loc":{"start":{"line":87,"column":28},"end":{"line":123,"column":2}},"line":87},"2":{"name":"logout","decl":{"start":{"line":125,"column":15},"end":{"line":131,"column":2}},"loc":{"start":{"line":125,"column":15},"end":{"line":131,"column":2}},"line":125},"3":{"name":"refreshAccessTokenHandler","decl":{"start":{"line":133,"column":41},"end":{"line":185,"column":2}},"loc":{"start":{"line":133,"column":41},"end":{"line":185,"column":2}},"line":133},"4":{"name":"logoutHandler","decl":{"start":{"line":187,"column":29},"end":{"line":200,"column":2}},"loc":{"start":{"line":187,"column":29},"end":{"line":200,"column":2}},"line":187},"5":{"name":"googleOauthHandler","decl":{"start":{"line":202,"column":34},"end":{"line":262,"column":2}},"loc":{"start":{"line":202,"column":34},"end":{"line":262,"column":2}},"line":202}},"f":{"0":2,"1":2,"2":1,"3":0,"4":1,"5":1}}
,"C:\\Users\\Shirel\\OneDrive\\Desktop\\שנה ג\\אפליקציות אינטרנטיות\\Blend\\blendApp\\src\\controllers\\post.controller.ts": {"path":"C:\\Users\\Shirel\\OneDrive\\Desktop\\שנה ג\\אפליקציות אינטרנטיות\\Blend\\blendApp\\src\\controllers\\post.controller.ts","all":false,"statementMap":{"0":{"start":{"line":1,"column":0},"end":{"line":1,"column":58}},"1":{"start":{"line":2,"column":0},"end":{"line":2,"column":8}},"2":{"start":{"line":3,"column":0},"end":{"line":3,"column":13}},"3":{"start":{"line":4,"column":0},"end":{"line":4,"column":15}},"4":{"start":{"line":5,"column":0},"end":{"line":5,"column":20}},"5":{"start":{"line":6,"column":0},"end":{"line":6,"column":19}},"6":{"start":{"line":7,"column":0},"end":{"line":7,"column":15}},"7":{"start":{"line":8,"column":0},"end":{"line":8,"column":34}},"8":{"start":{"line":9,"column":0},"end":{"line":9,"column":8}},"9":{"start":{"line":10,"column":0},"end":{"line":10,"column":18}},"10":{"start":{"line":11,"column":0},"end":{"line":11,"column":18}},"11":{"start":{"line":12,"column":0},"end":{"line":12,"column":15}},"12":{"start":{"line":13,"column":0},"end":{"line":13,"column":18}},"13":{"start":{"line":14,"column":0},"end":{"line":14,"column":32}},"14":{"start":{"line":15,"column":0},"end":{"line":15,"column":44}},"15":{"start":{"line":16,"column":0},"end":{"line":16,"column":41}},"16":{"start":{"line":17,"column":0},"end":{"line":17,"column":8}},"17":{"start":{"line":18,"column":0},"end":{"line":18,"column":16}},"18":{"start":{"line":19,"column":0},"end":{"line":19,"column":23}},"19":{"start":{"line":20,"column":0},"end":{"line":20,"column":23}},"20":{"start":{"line":21,"column":0},"end":{"line":21,"column":26}},"21":{"start":{"line":22,"column":0},"end":{"line":22,"column":37}},"22":{"start":{"line":23,"column":0},"end":{"line":23,"column":20}},"23":{"start":{"line":24,"column":0},"end":{"line":24,"column":0}},"24":{"start":{"line":25,"column":0},"end":{"line":25,"column":41}},"25":{"start":{"line":26,"column":0},"end":{"line":26,"column":15}},"26":{"start":{"line":27,"column":0},"end":{"line":27,"column":16}},"27":{"start":{"line":28,"column":0},"end":{"line":28,"column":20}},"28":{"start":{"line":29,"column":0},"end":{"line":29,"column":6}},"29":{"start":{"line":30,"column":0},"end":{"line":30,"column":7}},"30":{"start":{"line":31,"column":0},"end":{"line":31,"column":39}},"31":{"start":{"line":32,"column":0},"end":{"line":32,"column":0}},"32":{"start":{"line":33,"column":0},"end":{"line":33,"column":26}},"33":{"start":{"line":34,"column":0},"end":{"line":34,"column":24}},"34":{"start":{"line":35,"column":0},"end":{"line":35,"column":27}},"35":{"start":{"line":36,"column":0},"end":{"line":36,"column":13}},"36":{"start":{"line":37,"column":0},"end":{"line":37,"column":14}},"37":{"start":{"line":38,"column":0},"end":{"line":38,"column":8}},"38":{"start":{"line":39,"column":0},"end":{"line":39,"column":7}},"39":{"start":{"line":40,"column":0},"end":{"line":40,"column":22}},"40":{"start":{"line":41,"column":0},"end":{"line":41,"column":14}},"41":{"start":{"line":42,"column":0},"end":{"line":42,"column":3}},"42":{"start":{"line":43,"column":0},"end":{"line":43,"column":2}},"43":{"start":{"line":44,"column":0},"end":{"line":44,"column":0}},"44":{"start":{"line":45,"column":0},"end":{"line":45,"column":40}},"45":{"start":{"line":46,"column":0},"end":{"line":46,"column":40}},"46":{"start":{"line":47,"column":0},"end":{"line":47,"column":16}},"47":{"start":{"line":48,"column":0},"end":{"line":48,"column":20}},"48":{"start":{"line":49,"column":0},"end":{"line":49,"column":6}},"49":{"start":{"line":50,"column":0},"end":{"line":50,"column":7}},"50":{"start":{"line":51,"column":0},"end":{"line":51,"column":39}},"51":{"start":{"line":52,"column":0},"end":{"line":52,"column":34}},"52":{"start":{"line":53,"column":0},"end":{"line":53,"column":7}},"53":{"start":{"line":54,"column":0},"end":{"line":54,"column":30}},"54":{"start":{"line":55,"column":0},"end":{"line":55,"column":42}},"55":{"start":{"line":56,"column":0},"end":{"line":56,"column":30}},"56":{"start":{"line":57,"column":0},"end":{"line":57,"column":8}},"57":{"start":{"line":58,"column":0},"end":{"line":58,"column":23}},"58":{"start":{"line":59,"column":0},"end":{"line":59,"column":10}},"59":{"start":{"line":60,"column":0},"end":{"line":60,"column":6}},"60":{"start":{"line":61,"column":0},"end":{"line":61,"column":0}},"61":{"start":{"line":62,"column":0},"end":{"line":62,"column":26}},"62":{"start":{"line":63,"column":0},"end":{"line":63,"column":24}},"63":{"start":{"line":64,"column":0},"end":{"line":64,"column":13}},"64":{"start":{"line":65,"column":0},"end":{"line":65,"column":13}},"65":{"start":{"line":66,"column":0},"end":{"line":66,"column":8}},"66":{"start":{"line":67,"column":0},"end":{"line":67,"column":7}},"67":{"start":{"line":68,"column":0},"end":{"line":68,"column":22}},"68":{"start":{"line":69,"column":0},"end":{"line":69,"column":14}},"69":{"start":{"line":70,"column":0},"end":{"line":70,"column":3}},"70":{"start":{"line":71,"column":0},"end":{"line":71,"column":2}},"71":{"start":{"line":72,"column":0},"end":{"line":72,"column":0}},"72":{"start":{"line":73,"column":0},"end":{"line":73,"column":40}},"73":{"start":{"line":74,"column":0},"end":{"line":74,"column":71}},"74":{"start":{"line":75,"column":0},"end":{"line":75,"column":16}},"75":{"start":{"line":76,"column":0},"end":{"line":76,"column":20}},"76":{"start":{"line":77,"column":0},"end":{"line":77,"column":6}},"77":{"start":{"line":78,"column":0},"end":{"line":78,"column":7}},"78":{"start":{"line":79,"column":0},"end":{"line":79,"column":48}},"79":{"start":{"line":80,"column":0},"end":{"line":80,"column":33}},"80":{"start":{"line":81,"column":0},"end":{"line":81,"column":15}},"81":{"start":{"line":82,"column":0},"end":{"line":82,"column":8}},"82":{"start":{"line":83,"column":0},"end":{"line":83,"column":6}},"83":{"start":{"line":84,"column":0},"end":{"line":84,"column":0}},"84":{"start":{"line":85,"column":0},"end":{"line":85,"column":23}},"85":{"start":{"line":86,"column":0},"end":{"line":86,"column":68}},"86":{"start":{"line":87,"column":0},"end":{"line":87,"column":5}},"87":{"start":{"line":88,"column":0},"end":{"line":88,"column":0}},"88":{"start":{"line":89,"column":0},"end":{"line":89,"column":26}},"89":{"start":{"line":90,"column":0},"end":{"line":90,"column":24}},"90":{"start":{"line":91,"column":0},"end":{"line":91,"column":13}},"91":{"start":{"line":92,"column":0},"end":{"line":92,"column":26}},"92":{"start":{"line":93,"column":0},"end":{"line":93,"column":8}},"93":{"start":{"line":94,"column":0},"end":{"line":94,"column":7}},"94":{"start":{"line":95,"column":0},"end":{"line":95,"column":22}},"95":{"start":{"line":96,"column":0},"end":{"line":96,"column":14}},"96":{"start":{"line":97,"column":0},"end":{"line":97,"column":3}},"97":{"start":{"line":98,"column":0},"end":{"line":98,"column":2}},"98":{"start":{"line":99,"column":0},"end":{"line":99,"column":0}},"99":{"start":{"line":100,"column":0},"end":{"line":100,"column":40}},"100":{"start":{"line":101,"column":0},"end":{"line":101,"column":32}},"101":{"start":{"line":102,"column":0},"end":{"line":102,"column":16}},"102":{"start":{"line":103,"column":0},"end":{"line":103,"column":20}},"103":{"start":{"line":104,"column":0},"end":{"line":104,"column":6}},"104":{"start":{"line":105,"column":0},"end":{"line":105,"column":7}},"105":{"start":{"line":106,"column":0},"end":{"line":106,"column":68}},"106":{"start":{"line":107,"column":0},"end":{"line":107,"column":0}},"107":{"start":{"line":108,"column":0},"end":{"line":108,"column":16}},"108":{"start":{"line":109,"column":0},"end":{"line":109,"column":68}},"109":{"start":{"line":110,"column":0},"end":{"line":110,"column":5}},"110":{"start":{"line":111,"column":0},"end":{"line":111,"column":0}},"111":{"start":{"line":112,"column":0},"end":{"line":112,"column":26}},"112":{"start":{"line":113,"column":0},"end":{"line":113,"column":24}},"113":{"start":{"line":114,"column":0},"end":{"line":114,"column":17}},"114":{"start":{"line":115,"column":0},"end":{"line":115,"column":7}},"115":{"start":{"line":116,"column":0},"end":{"line":116,"column":22}},"116":{"start":{"line":117,"column":0},"end":{"line":117,"column":14}},"117":{"start":{"line":118,"column":0},"end":{"line":118,"column":3}},"118":{"start":{"line":119,"column":0},"end":{"line":119,"column":2}},"119":{"start":{"line":120,"column":0},"end":{"line":120,"column":0}},"120":{"start":{"line":121,"column":0},"end":{"line":121,"column":39}},"121":{"start":{"line":122,"column":0},"end":{"line":122,"column":15}},"122":{"start":{"line":123,"column":0},"end":{"line":123,"column":16}},"123":{"start":{"line":124,"column":0},"end":{"line":124,"column":20}},"124":{"start":{"line":125,"column":0},"end":{"line":125,"column":6}},"125":{"start":{"line":126,"column":0},"end":{"line":126,"column":7}},"126":{"start":{"line":127,"column":0},"end":{"line":127,"column":0}},"127":{"start":{"line":128,"column":0},"end":{"line":128,"column":84}},"128":{"start":{"line":129,"column":0},"end":{"line":129,"column":39}},"129":{"start":{"line":130,"column":0},"end":{"line":130,"column":16}},"130":{"start":{"line":131,"column":0},"end":{"line":131,"column":72}},"131":{"start":{"line":132,"column":0},"end":{"line":132,"column":7}},"132":{"start":{"line":133,"column":0},"end":{"line":133,"column":57}},"133":{"start":{"line":134,"column":0},"end":{"line":134,"column":7}},"134":{"start":{"line":135,"column":0},"end":{"line":135,"column":22}},"135":{"start":{"line":136,"column":0},"end":{"line":136,"column":14}},"136":{"start":{"line":137,"column":0},"end":{"line":137,"column":3}},"137":{"start":{"line":138,"column":0},"end":{"line":138,"column":2}},"138":{"start":{"line":139,"column":0},"end":{"line":139,"column":0}},"139":{"start":{"line":140,"column":0},"end":{"line":140,"column":41}},"140":{"start":{"line":141,"column":0},"end":{"line":141,"column":29}},"141":{"start":{"line":142,"column":0},"end":{"line":142,"column":16}},"142":{"start":{"line":143,"column":0},"end":{"line":143,"column":20}},"143":{"start":{"line":144,"column":0},"end":{"line":144,"column":6}},"144":{"start":{"line":145,"column":0},"end":{"line":145,"column":7}},"145":{"start":{"line":146,"column":0},"end":{"line":146,"column":55}},"146":{"start":{"line":147,"column":0},"end":{"line":147,"column":0}},"147":{"start":{"line":148,"column":0},"end":{"line":148,"column":16}},"148":{"start":{"line":149,"column":0},"end":{"line":149,"column":68}},"149":{"start":{"line":150,"column":0},"end":{"line":150,"column":5}},"150":{"start":{"line":151,"column":0},"end":{"line":151,"column":0}},"151":{"start":{"line":152,"column":0},"end":{"line":152,"column":26}},"152":{"start":{"line":153,"column":0},"end":{"line":153,"column":24}},"153":{"start":{"line":154,"column":0},"end":{"line":154,"column":13}},"154":{"start":{"line":155,"column":0},"end":{"line":155,"column":13}},"155":{"start":{"line":156,"column":0},"end":{"line":156,"column":8}},"156":{"start":{"line":157,"column":0},"end":{"line":157,"column":7}},"157":{"start":{"line":158,"column":0},"end":{"line":158,"column":22}},"158":{"start":{"line":159,"column":0},"end":{"line":159,"column":14}},"159":{"start":{"line":160,"column":0},"end":{"line":160,"column":3}},"160":{"start":{"line":161,"column":0},"end":{"line":161,"column":2}},"161":{"start":{"line":162,"column":0},"end":{"line":162,"column":0}},"162":{"start":{"line":163,"column":0},"end":{"line":163,"column":49}},"163":{"start":{"line":164,"column":0},"end":{"line":164,"column":15}},"164":{"start":{"line":165,"column":0},"end":{"line":165,"column":16}},"165":{"start":{"line":166,"column":0},"end":{"line":166,"column":20}},"166":{"start":{"line":167,"column":0},"end":{"line":167,"column":6}},"167":{"start":{"line":168,"column":0},"end":{"line":168,"column":7}},"168":{"start":{"line":169,"column":0},"end":{"line":169,"column":55}},"169":{"start":{"line":170,"column":0},"end":{"line":170,"column":67}},"170":{"start":{"line":171,"column":0},"end":{"line":171,"column":0}},"171":{"start":{"line":172,"column":0},"end":{"line":172,"column":29}},"172":{"start":{"line":173,"column":0},"end":{"line":173,"column":68}},"173":{"start":{"line":174,"column":0},"end":{"line":174,"column":5}},"174":{"start":{"line":175,"column":0},"end":{"line":175,"column":0}},"175":{"start":{"line":176,"column":0},"end":{"line":176,"column":26}},"176":{"start":{"line":177,"column":0},"end":{"line":177,"column":24}},"177":{"start":{"line":178,"column":0},"end":{"line":178,"column":13}},"178":{"start":{"line":179,"column":0},"end":{"line":179,"column":17}},"179":{"start":{"line":180,"column":0},"end":{"line":180,"column":8}},"180":{"start":{"line":181,"column":0},"end":{"line":181,"column":7}},"181":{"start":{"line":182,"column":0},"end":{"line":182,"column":22}},"182":{"start":{"line":183,"column":0},"end":{"line":183,"column":14}},"183":{"start":{"line":184,"column":0},"end":{"line":184,"column":3}},"184":{"start":{"line":185,"column":0},"end":{"line":185,"column":2}},"185":{"start":{"line":186,"column":0},"end":{"line":186,"column":0}},"186":{"start":{"line":187,"column":0},"end":{"line":187,"column":43}},"187":{"start":{"line":188,"column":0},"end":{"line":188,"column":15}},"188":{"start":{"line":189,"column":0},"end":{"line":189,"column":16}},"189":{"start":{"line":190,"column":0},"end":{"line":190,"column":20}},"190":{"start":{"line":191,"column":0},"end":{"line":191,"column":6}},"191":{"start":{"line":192,"column":0},"end":{"line":192,"column":7}},"192":{"start":{"line":193,"column":0},"end":{"line":193,"column":33}},"193":{"start":{"line":194,"column":0},"end":{"line":194,"column":55}},"194":{"start":{"line":195,"column":0},"end":{"line":195,"column":0}},"195":{"start":{"line":196,"column":0},"end":{"line":196,"column":16}},"196":{"start":{"line":197,"column":0},"end":{"line":197,"column":68}},"197":{"start":{"line":198,"column":0},"end":{"line":198,"column":5}},"198":{"start":{"line":199,"column":0},"end":{"line":199,"column":0}},"199":{"start":{"line":200,"column":0},"end":{"line":200,"column":40}},"200":{"start":{"line":201,"column":0},"end":{"line":201,"column":7}},"201":{"start":{"line":202,"column":0},"end":{"line":202,"column":30}},"202":{"start":{"line":203,"column":0},"end":{"line":203,"column":42}},"203":{"start":{"line":204,"column":0},"end":{"line":204,"column":8}},"204":{"start":{"line":205,"column":0},"end":{"line":205,"column":11}},"205":{"start":{"line":206,"column":0},"end":{"line":206,"column":10}},"206":{"start":{"line":207,"column":0},"end":{"line":207,"column":6}},"207":{"start":{"line":208,"column":0},"end":{"line":208,"column":0}},"208":{"start":{"line":209,"column":0},"end":{"line":209,"column":26}},"209":{"start":{"line":210,"column":0},"end":{"line":210,"column":24}},"210":{"start":{"line":211,"column":0},"end":{"line":211,"column":13}},"211":{"start":{"line":212,"column":0},"end":{"line":212,"column":16}},"212":{"start":{"line":213,"column":0},"end":{"line":213,"column":8}},"213":{"start":{"line":214,"column":0},"end":{"line":214,"column":7}},"214":{"start":{"line":215,"column":0},"end":{"line":215,"column":22}},"215":{"start":{"line":216,"column":0},"end":{"line":216,"column":14}},"216":{"start":{"line":217,"column":0},"end":{"line":217,"column":3}},"217":{"start":{"line":218,"column":0},"end":{"line":218,"column":2}},"218":{"start":{"line":219,"column":0},"end":{"line":219,"column":0}},"219":{"start":{"line":220,"column":0},"end":{"line":220,"column":43}},"220":{"start":{"line":221,"column":0},"end":{"line":221,"column":15}},"221":{"start":{"line":222,"column":0},"end":{"line":222,"column":16}},"222":{"start":{"line":223,"column":0},"end":{"line":223,"column":20}},"223":{"start":{"line":224,"column":0},"end":{"line":224,"column":6}},"224":{"start":{"line":225,"column":0},"end":{"line":225,"column":7}},"225":{"start":{"line":226,"column":0},"end":{"line":226,"column":54}},"226":{"start":{"line":227,"column":0},"end":{"line":227,"column":36}},"227":{"start":{"line":228,"column":0},"end":{"line":228,"column":15}},"228":{"start":{"line":229,"column":0},"end":{"line":229,"column":8}},"229":{"start":{"line":230,"column":0},"end":{"line":230,"column":6}},"230":{"start":{"line":231,"column":0},"end":{"line":231,"column":0}},"231":{"start":{"line":232,"column":0},"end":{"line":232,"column":26}},"232":{"start":{"line":233,"column":0},"end":{"line":233,"column":71}},"233":{"start":{"line":234,"column":0},"end":{"line":234,"column":5}},"234":{"start":{"line":235,"column":0},"end":{"line":235,"column":0}},"235":{"start":{"line":236,"column":0},"end":{"line":236,"column":26}},"236":{"start":{"line":237,"column":0},"end":{"line":237,"column":24}},"237":{"start":{"line":238,"column":0},"end":{"line":238,"column":13}},"238":{"start":{"line":239,"column":0},"end":{"line":239,"column":32}},"239":{"start":{"line":240,"column":0},"end":{"line":240,"column":8}},"240":{"start":{"line":241,"column":0},"end":{"line":241,"column":7}},"241":{"start":{"line":242,"column":0},"end":{"line":242,"column":22}},"242":{"start":{"line":243,"column":0},"end":{"line":243,"column":14}},"243":{"start":{"line":244,"column":0},"end":{"line":244,"column":3}},"244":{"start":{"line":245,"column":0},"end":{"line":245,"column":2}},"245":{"start":{"line":246,"column":0},"end":{"line":246,"column":0}},"246":{"start":{"line":247,"column":0},"end":{"line":247,"column":43}},"247":{"start":{"line":248,"column":0},"end":{"line":248,"column":15}},"248":{"start":{"line":249,"column":0},"end":{"line":249,"column":16}},"249":{"start":{"line":250,"column":0},"end":{"line":250,"column":20}},"250":{"start":{"line":251,"column":0},"end":{"line":251,"column":6}},"251":{"start":{"line":252,"column":0},"end":{"line":252,"column":7}},"252":{"start":{"line":253,"column":0},"end":{"line":253,"column":51}},"253":{"start":{"line":254,"column":0},"end":{"line":254,"column":32}},"254":{"start":{"line":255,"column":0},"end":{"line":255,"column":7}},"255":{"start":{"line":256,"column":0},"end":{"line":256,"column":0}},"256":{"start":{"line":257,"column":0},"end":{"line":257,"column":19}},"257":{"start":{"line":258,"column":0},"end":{"line":258,"column":71}},"258":{"start":{"line":259,"column":0},"end":{"line":259,"column":5}},"259":{"start":{"line":260,"column":0},"end":{"line":260,"column":0}},"260":{"start":{"line":261,"column":0},"end":{"line":261,"column":26}},"261":{"start":{"line":262,"column":0},"end":{"line":262,"column":24}},"262":{"start":{"line":263,"column":0},"end":{"line":263,"column":13}},"263":{"start":{"line":264,"column":0},"end":{"line":264,"column":22}},"264":{"start":{"line":265,"column":0},"end":{"line":265,"column":8}},"265":{"start":{"line":266,"column":0},"end":{"line":266,"column":7}},"266":{"start":{"line":267,"column":0},"end":{"line":267,"column":22}},"267":{"start":{"line":268,"column":0},"end":{"line":268,"column":14}},"268":{"start":{"line":269,"column":0},"end":{"line":269,"column":3}},"269":{"start":{"line":270,"column":0},"end":{"line":270,"column":2}}},"s":{"0":1,"1":1,"2":1,"3":1,"4":1,"5":1,"6":1,"7":1,"8":1,"9":1,"10":1,"11":1,"12":1,"13":1,"14":1,"15":1,"16":1,"17":1,"18":1,"19":1,"20":1,"21":1,"22":1,"23":1,"24":1,"25":1,"26":1,"27":1,"28":1,"29":1,"30":1,"31":1,"32":1,"33":1,"34":1,"35":1,"36":1,"37":1,"38":1,"39":1,"40":0,"41":0,"42":1,"43":1,"44":1,"45":1,"46":1,"47":1,"48":1,"49":1,"50":1,"51":1,"52":1,"53":1,"54":1,"55":1,"56":1,"57":1,"58":1,"59":1,"60":1,"61":1,"62":1,"63":1,"64":1,"65":1,"66":1,"67":1,"68":0,"69":0,"70":1,"71":1,"72":1,"73":1,"74":1,"75":1,"76":1,"77":1,"78":1,"79":1,"80":1,"81":1,"82":1,"83":1,"84":1,"85":0,"86":0,"87":1,"88":1,"89":1,"90":1,"91":1,"92":1,"93":1,"94":1,"95":0,"96":0,"97":1,"98":1,"99":1,"100":1,"101":1,"102":1,"103":1,"104":1,"105":1,"106":1,"107":1,"108":0,"109":0,"110":1,"111":1,"112":1,"113":1,"114":1,"115":1,"116":0,"117":0,"118":1,"119":1,"120":1,"121":1,"122":1,"123":1,"124":1,"125":1,"126":1,"127":1,"128":1,"129":1,"130":1,"131":1,"132":0,"133":1,"134":1,"135":0,"136":0,"137":1,"138":1,"139":1,"140":2,"141":2,"142":2,"143":2,"144":2,"145":2,"146":1,"147":2,"148":0,"149":0,"150":1,"151":1,"152":1,"153":1,"154":1,"155":1,"156":1,"157":1,"158":1,"159":1,"160":2,"161":1,"162":1,"163":1,"164":1,"165":1,"166":1,"167":1,"168":1,"169":1,"170":1,"171":1,"172":0,"173":0,"174":1,"175":1,"176":1,"177":1,"178":1,"179":1,"180":1,"181":1,"182":0,"183":0,"184":1,"185":1,"186":1,"187":2,"188":2,"189":2,"190":2,"191":2,"192":2,"193":2,"194":2,"195":2,"196":0,"197":0,"198":2,"199":2,"200":2,"201":2,"202":2,"203":2,"204":2,"205":2,"206":2,"207":1,"208":1,"209":1,"210":1,"211":1,"212":1,"213":1,"214":1,"215":1,"216":1,"217":2,"218":1,"219":1,"220":1,"221":1,"222":1,"223":1,"224":1,"225":1,"226":1,"227":1,"228":1,"229":1,"230":1,"231":1,"232":0,"233":0,"234":1,"235":1,"236":1,"237":1,"238":1,"239":1,"240":1,"241":1,"242":0,"243":0,"244":1,"245":1,"246":1,"247":1,"248":1,"249":1,"250":1,"251":1,"252":1,"253":1,"254":1,"255":1,"256":1,"257":0,"258":0,"259":1,"260":1,"261":1,"262":1,"263":1,"264":1,"265":1,"266":1,"267":0,"268":0,"269":1},"branchMap":{"0":{"type":"branch","line":25,"loc":{"start":{"line":25,"column":34},"end":{"line":43,"column":2}},"locations":[{"start":{"line":25,"column":34},"end":{"line":43,"column":2}}]},"1":{"type":"branch","line":29,"loc":{"start":{"line":29,"column":4},"end":{"line":43,"column":2}},"locations":[{"start":{"line":29,"column":4},"end":{"line":43,"column":2}}]},"2":{"type":"branch","line":40,"loc":{"start":{"line":40,"column":4},"end":{"line":42,"column":3}},"locations":[{"start":{"line":40,"column":4},"end":{"line":42,"column":3}}]},"3":{"type":"branch","line":45,"loc":{"start":{"line":45,"column":33},"end":{"line":71,"column":2}},"locations":[{"start":{"line":45,"column":33},"end":{"line":71,"column":2}}]},"4":{"type":"branch","line":49,"loc":{"start":{"line":49,"column":4},"end":{"line":71,"column":2}},"locations":[{"start":{"line":49,"column":4},"end":{"line":71,"column":2}}]},"5":{"type":"branch","line":68,"loc":{"start":{"line":68,"column":4},"end":{"line":70,"column":3}},"locations":[{"start":{"line":68,"column":4},"end":{"line":70,"column":3}}]},"6":{"type":"branch","line":73,"loc":{"start":{"line":73,"column":33},"end":{"line":98,"column":2}},"locations":[{"start":{"line":73,"column":33},"end":{"line":98,"column":2}}]},"7":{"type":"branch","line":77,"loc":{"start":{"line":77,"column":4},"end":{"line":98,"column":2}},"locations":[{"start":{"line":77,"column":4},"end":{"line":98,"column":2}}]},"8":{"type":"branch","line":85,"loc":{"start":{"line":85,"column":22},"end":{"line":87,"column":5}},"locations":[{"start":{"line":85,"column":22},"end":{"line":87,"column":5}}]},"9":{"type":"branch","line":95,"loc":{"start":{"line":95,"column":4},"end":{"line":97,"column":3}},"locations":[{"start":{"line":95,"column":4},"end":{"line":97,"column":3}}]},"10":{"type":"branch","line":100,"loc":{"start":{"line":100,"column":33},"end":{"line":119,"column":2}},"locations":[{"start":{"line":100,"column":33},"end":{"line":119,"column":2}}]},"11":{"type":"branch","line":104,"loc":{"start":{"line":104,"column":4},"end":{"line":119,"column":2}},"locations":[{"start":{"line":104,"column":4},"end":{"line":119,"column":2}}]},"12":{"type":"branch","line":108,"loc":{"start":{"line":108,"column":15},"end":{"line":110,"column":5}},"locations":[{"start":{"line":108,"column":15},"end":{"line":110,"column":5}}]},"13":{"type":"branch","line":116,"loc":{"start":{"line":116,"column":4},"end":{"line":118,"column":3}},"locations":[{"start":{"line":116,"column":4},"end":{"line":118,"column":3}}]},"14":{"type":"branch","line":121,"loc":{"start":{"line":121,"column":38},"end":{"line":138,"column":2}},"locations":[{"start":{"line":121,"column":38},"end":{"line":138,"column":2}}]},"15":{"type":"branch","line":135,"loc":{"start":{"line":135,"column":4},"end":{"line":137,"column":3}},"locations":[{"start":{"line":135,"column":4},"end":{"line":137,"column":3}}]},"16":{"type":"branch","line":129,"loc":{"start":{"line":129,"column":29},"end":{"line":134,"column":5}},"locations":[{"start":{"line":129,"column":29},"end":{"line":134,"column":5}}]},"17":{"type":"branch","line":133,"loc":{"start":{"line":133,"column":-2},"end":{"line":134,"column":5}},"locations":[{"start":{"line":133,"column":-2},"end":{"line":134,"column":5}}]},"18":{"type":"branch","line":140,"loc":{"start":{"line":140,"column":34},"end":{"line":161,"column":2}},"locations":[{"start":{"line":140,"column":34},"end":{"line":161,"column":2}}]},"19":{"type":"branch","line":144,"loc":{"start":{"line":144,"column":4},"end":{"line":161,"column":2}},"locations":[{"start":{"line":144,"column":4},"end":{"line":161,"column":2}}]},"20":{"type":"branch","line":147,"loc":{"start":{"line":147,"column":-2},"end":{"line":148,"column":15}},"locations":[{"start":{"line":147,"column":-2},"end":{"line":148,"column":15}}]},"21":{"type":"branch","line":148,"loc":{"start":{"line":148,"column":15},"end":{"line":150,"column":5}},"locations":[{"start":{"line":148,"column":15},"end":{"line":150,"column":5}}]},"22":{"type":"branch","line":151,"loc":{"start":{"line":151,"column":-2},"end":{"line":160,"column":3}},"locations":[{"start":{"line":151,"column":-2},"end":{"line":160,"column":3}}]},"23":{"type":"branch","line":163,"loc":{"start":{"line":163,"column":42},"end":{"line":185,"column":2}},"locations":[{"start":{"line":163,"column":42},"end":{"line":185,"column":2}}]},"24":{"type":"branch","line":167,"loc":{"start":{"line":167,"column":4},"end":{"line":185,"column":2}},"locations":[{"start":{"line":167,"column":4},"end":{"line":185,"column":2}}]},"25":{"type":"branch","line":172,"loc":{"start":{"line":172,"column":28},"end":{"line":174,"column":5}},"locations":[{"start":{"line":172,"column":28},"end":{"line":174,"column":5}}]},"26":{"type":"branch","line":182,"loc":{"start":{"line":182,"column":4},"end":{"line":184,"column":3}},"locations":[{"start":{"line":182,"column":4},"end":{"line":184,"column":3}}]},"27":{"type":"branch","line":187,"loc":{"start":{"line":187,"column":36},"end":{"line":218,"column":2}},"locations":[{"start":{"line":187,"column":36},"end":{"line":218,"column":2}}]},"28":{"type":"branch","line":191,"loc":{"start":{"line":191,"column":4},"end":{"line":218,"column":2}},"locations":[{"start":{"line":191,"column":4},"end":{"line":218,"column":2}}]},"29":{"type":"branch","line":196,"loc":{"start":{"line":196,"column":15},"end":{"line":198,"column":5}},"locations":[{"start":{"line":196,"column":15},"end":{"line":198,"column":5}}]},"30":{"type":"branch","line":208,"loc":{"start":{"line":208,"column":-2},"end":{"line":217,"column":3}},"locations":[{"start":{"line":208,"column":-2},"end":{"line":217,"column":3}}]},"31":{"type":"branch","line":220,"loc":{"start":{"line":220,"column":36},"end":{"line":245,"column":2}},"locations":[{"start":{"line":220,"column":36},"end":{"line":245,"column":2}}]},"32":{"type":"branch","line":224,"loc":{"start":{"line":224,"column":4},"end":{"line":245,"column":2}},"locations":[{"start":{"line":224,"column":4},"end":{"line":245,"column":2}}]},"33":{"type":"branch","line":232,"loc":{"start":{"line":232,"column":25},"end":{"line":234,"column":5}},"locations":[{"start":{"line":232,"column":25},"end":{"line":234,"column":5}}]},"34":{"type":"branch","line":242,"loc":{"start":{"line":242,"column":4},"end":{"line":244,"column":3}},"locations":[{"start":{"line":242,"column":4},"end":{"line":244,"column":3}}]},"35":{"type":"branch","line":247,"loc":{"start":{"line":247,"column":36},"end":{"line":270,"column":2}},"locations":[{"start":{"line":247,"column":36},"end":{"line":270,"column":2}}]},"36":{"type":"branch","line":251,"loc":{"start":{"line":251,"column":4},"end":{"line":270,"column":2}},"locations":[{"start":{"line":251,"column":4},"end":{"line":270,"column":2}}]},"37":{"type":"branch","line":257,"loc":{"start":{"line":257,"column":18},"end":{"line":259,"column":5}},"locations":[{"start":{"line":257,"column":18},"end":{"line":259,"column":5}}]},"38":{"type":"branch","line":267,"loc":{"start":{"line":267,"column":4},"end":{"line":269,"column":3}},"locations":[{"start":{"line":267,"column":4},"end":{"line":269,"column":3}}]}},"b":{"0":[1],"1":[1],"2":[0],"3":[1],"4":[1],"5":[0],"6":[1],"7":[1],"8":[0],"9":[0],"10":[1],"11":[1],"12":[0],"13":[0],"14":[1],"15":[0],"16":[1],"17":[0],"18":[2],"19":[2],"20":[1],"21":[0],"22":[1],"23":[1],"24":[1],"25":[0],"26":[0],"27":[2],"28":[2],"29":[0],"30":[1],"31":[1],"32":[1],"33":[0],"34":[0],"35":[1],"36":[1],"37":[0],"38":[0]},"fnMap":{"0":{"name":"getAllPostsHandler","decl":{"start":{"line":25,"column":34},"end":{"line":43,"column":2}},"loc":{"start":{"line":25,"column":34},"end":{"line":43,"column":2}},"line":25},"1":{"name":"createPostHandler","decl":{"start":{"line":45,"column":33},"end":{"line":71,"column":2}},"loc":{"start":{"line":45,"column":33},"end":{"line":71,"column":2}},"line":45},"2":{"name":"updatePostHandler","decl":{"start":{"line":73,"column":33},"end":{"line":98,"column":2}},"loc":{"start":{"line":73,"column":33},"end":{"line":98,"column":2}},"line":73},"3":{"name":"deletePostHandler","decl":{"start":{"line":100,"column":33},"end":{"line":119,"column":2}},"loc":{"start":{"line":100,"column":33},"end":{"line":119,"column":2}},"line":100},"4":{"name":"deletePostImageHandler","decl":{"start":{"line":121,"column":38},"end":{"line":138,"column":2}},"loc":{"start":{"line":121,"column":38},"end":{"line":138,"column":2}},"line":121},"5":{"name":"getPostByIdHandler","decl":{"start":{"line":140,"column":34},"end":{"line":161,"column":2}},"loc":{"start":{"line":140,"column":34},"end":{"line":161,"column":2}},"line":140},"6":{"name":"getCommentsByPostIdHandler","decl":{"start":{"line":163,"column":42},"end":{"line":185,"column":2}},"loc":{"start":{"line":163,"column":42},"end":{"line":185,"column":2}},"line":163},"7":{"name":"createCommentHandler","decl":{"start":{"line":187,"column":36},"end":{"line":218,"column":2}},"loc":{"start":{"line":187,"column":36},"end":{"line":218,"column":2}},"line":187},"8":{"name":"updateCommentHandler","decl":{"start":{"line":220,"column":36},"end":{"line":245,"column":2}},"loc":{"start":{"line":220,"column":36},"end":{"line":245,"column":2}},"line":220},"9":{"name":"deleteCommentHandler","decl":{"start":{"line":247,"column":36},"end":{"line":270,"column":2}},"loc":{"start":{"line":247,"column":36},"end":{"line":270,"column":2}},"line":247}},"f":{"0":1,"1":1,"2":1,"3":1,"4":1,"5":2,"6":1,"7":2,"8":1,"9":1}}
,"C:\\Users\\Shirel\\OneDrive\\Desktop\\שנה ג\\אפליקציות אינטרנטיות\\Blend\\blendApp\\src\\controllers\\track.controller.ts": {"path":"C:\\Users\\Shirel\\OneDrive\\Desktop\\שנה ג\\אפליקציות אינטרנטיות\\Blend\\blendApp\\src\\controllers\\track.controller.ts","all":false,"statementMap":{"0":{"start":{"line":1,"column":0},"end":{"line":1,"column":58}},"1":{"start":{"line":2,"column":0},"end":{"line":2,"column":58}},"2":{"start":{"line":3,"column":0},"end":{"line":3,"column":0}},"3":{"start":{"line":4,"column":0},"end":{"line":4,"column":42}},"4":{"start":{"line":5,"column":0},"end":{"line":5,"column":15}},"5":{"start":{"line":6,"column":0},"end":{"line":6,"column":16}},"6":{"start":{"line":7,"column":0},"end":{"line":7,"column":20}},"7":{"start":{"line":8,"column":0},"end":{"line":8,"column":6}},"8":{"start":{"line":9,"column":0},"end":{"line":9,"column":7}},"9":{"start":{"line":10,"column":0},"end":{"line":10,"column":41}},"10":{"start":{"line":11,"column":0},"end":{"line":11,"column":0}},"11":{"start":{"line":12,"column":0},"end":{"line":12,"column":26}},"12":{"start":{"line":13,"column":0},"end":{"line":13,"column":24}},"13":{"start":{"line":14,"column":0},"end":{"line":14,"column":28}},"14":{"start":{"line":15,"column":0},"end":{"line":15,"column":13}},"15":{"start":{"line":16,"column":0},"end":{"line":16,"column":15}},"16":{"start":{"line":17,"column":0},"end":{"line":17,"column":8}},"17":{"start":{"line":18,"column":0},"end":{"line":18,"column":7}},"18":{"start":{"line":19,"column":0},"end":{"line":19,"column":22}},"19":{"start":{"line":20,"column":0},"end":{"line":20,"column":14}},"20":{"start":{"line":21,"column":0},"end":{"line":21,"column":3}},"21":{"start":{"line":22,"column":0},"end":{"line":22,"column":2}}},"s":{"0":1,"1":1,"2":1,"3":1,"4":1,"5":1,"6":1,"7":1,"8":1,"9":1,"10":1,"11":1,"12":1,"13":1,"14":1,"15":1,"16":1,"17":1,"18":1,"19":0,"20":0,"21":1},"branchMap":{"0":{"type":"branch","line":4,"loc":{"start":{"line":4,"column":35},"end":{"line":22,"column":2}},"locations":[{"start":{"line":4,"column":35},"end":{"line":22,"column":2}}]},"1":{"type":"branch","line":8,"loc":{"start":{"line":8,"column":4},"end":{"line":22,"column":2}},"locations":[{"start":{"line":8,"column":4},"end":{"line":22,"column":2}}]},"2":{"type":"branch","line":19,"loc":{"start":{"line":19,"column":4},"end":{"line":21,"column":3}},"locations":[{"start":{"line":19,"column":4},"end":{"line":21,"column":3}}]}},"b":{"0":[1],"1":[1],"2":[0]},"fnMap":{"0":{"name":"getAllTracksHandler","decl":{"start":{"line":4,"column":35},"end":{"line":22,"column":2}},"loc":{"start":{"line":4,"column":35},"end":{"line":22,"column":2}},"line":4}},"f":{"0":1}}
,"C:\\Users\\Shirel\\OneDrive\\Desktop\\שנה ג\\אפליקציות אינטרנטיות\\Blend\\blendApp\\src\\controllers\\user.controller.ts": {"path":"C:\\Users\\Shirel\\OneDrive\\Desktop\\שנה ג\\אפליקציות אינטרנטיות\\Blend\\blendApp\\src\\controllers\\user.controller.ts","all":false,"statementMap":{"0":{"start":{"line":1,"column":0},"end":{"line":1,"column":58}},"1":{"start":{"line":2,"column":0},"end":{"line":2,"column":75}},"2":{"start":{"line":3,"column":0},"end":{"line":3,"column":57}},"3":{"start":{"line":4,"column":0},"end":{"line":4,"column":20}},"4":{"start":{"line":5,"column":0},"end":{"line":5,"column":0}},"5":{"start":{"line":6,"column":0},"end":{"line":6,"column":29}},"6":{"start":{"line":7,"column":0},"end":{"line":7,"column":15}},"7":{"start":{"line":8,"column":0},"end":{"line":8,"column":16}},"8":{"start":{"line":9,"column":0},"end":{"line":9,"column":20}},"9":{"start":{"line":10,"column":0},"end":{"line":10,"column":6}},"10":{"start":{"line":11,"column":0},"end":{"line":11,"column":7}},"11":{"start":{"line":12,"column":0},"end":{"line":12,"column":33}},"12":{"start":{"line":13,"column":0},"end":{"line":13,"column":26}},"13":{"start":{"line":14,"column":0},"end":{"line":14,"column":24}},"14":{"start":{"line":15,"column":0},"end":{"line":15,"column":13}},"15":{"start":{"line":16,"column":0},"end":{"line":16,"column":13}},"16":{"start":{"line":17,"column":0},"end":{"line":17,"column":8}},"17":{"start":{"line":18,"column":0},"end":{"line":18,"column":7}},"18":{"start":{"line":19,"column":0},"end":{"line":19,"column":22}},"19":{"start":{"line":20,"column":0},"end":{"line":20,"column":14}},"20":{"start":{"line":21,"column":0},"end":{"line":21,"column":3}},"21":{"start":{"line":22,"column":0},"end":{"line":22,"column":2}},"22":{"start":{"line":23,"column":0},"end":{"line":23,"column":0}},"23":{"start":{"line":24,"column":0},"end":{"line":24,"column":35}},"24":{"start":{"line":25,"column":0},"end":{"line":25,"column":15}},"25":{"start":{"line":26,"column":0},"end":{"line":26,"column":16}},"26":{"start":{"line":27,"column":0},"end":{"line":27,"column":20}},"27":{"start":{"line":28,"column":0},"end":{"line":28,"column":6}},"28":{"start":{"line":29,"column":0},"end":{"line":29,"column":7}},"29":{"start":{"line":30,"column":0},"end":{"line":30,"column":35}},"30":{"start":{"line":31,"column":0},"end":{"line":31,"column":76}},"31":{"start":{"line":32,"column":0},"end":{"line":32,"column":39}},"32":{"start":{"line":33,"column":0},"end":{"line":33,"column":16}},"33":{"start":{"line":34,"column":0},"end":{"line":34,"column":72}},"34":{"start":{"line":35,"column":0},"end":{"line":35,"column":7}},"35":{"start":{"line":36,"column":0},"end":{"line":36,"column":57}},"36":{"start":{"line":37,"column":0},"end":{"line":37,"column":7}},"37":{"start":{"line":38,"column":0},"end":{"line":38,"column":22}},"38":{"start":{"line":39,"column":0},"end":{"line":39,"column":14}},"39":{"start":{"line":40,"column":0},"end":{"line":40,"column":3}},"40":{"start":{"line":41,"column":0},"end":{"line":41,"column":2}},"41":{"start":{"line":42,"column":0},"end":{"line":42,"column":0}},"42":{"start":{"line":43,"column":0},"end":{"line":43,"column":41}},"43":{"start":{"line":44,"column":0},"end":{"line":44,"column":15}},"44":{"start":{"line":45,"column":0},"end":{"line":45,"column":16}},"45":{"start":{"line":46,"column":0},"end":{"line":46,"column":20}},"46":{"start":{"line":47,"column":0},"end":{"line":47,"column":6}},"47":{"start":{"line":48,"column":0},"end":{"line":48,"column":7}},"48":{"start":{"line":49,"column":0},"end":{"line":49,"column":39}},"49":{"start":{"line":50,"column":0},"end":{"line":50,"column":26}},"50":{"start":{"line":51,"column":0},"end":{"line":51,"column":24}},"51":{"start":{"line":52,"column":0},"end":{"line":52,"column":27}},"52":{"start":{"line":53,"column":0},"end":{"line":53,"column":13}},"53":{"start":{"line":54,"column":0},"end":{"line":54,"column":14}},"54":{"start":{"line":55,"column":0},"end":{"line":55,"column":8}},"55":{"start":{"line":56,"column":0},"end":{"line":56,"column":7}},"56":{"start":{"line":57,"column":0},"end":{"line":57,"column":22}},"57":{"start":{"line":58,"column":0},"end":{"line":58,"column":14}},"58":{"start":{"line":59,"column":0},"end":{"line":59,"column":3}},"59":{"start":{"line":60,"column":0},"end":{"line":60,"column":2}},"60":{"start":{"line":61,"column":0},"end":{"line":61,"column":0}},"61":{"start":{"line":62,"column":0},"end":{"line":62,"column":40}},"62":{"start":{"line":63,"column":0},"end":{"line":63,"column":40}},"63":{"start":{"line":64,"column":0},"end":{"line":64,"column":16}},"64":{"start":{"line":65,"column":0},"end":{"line":65,"column":20}},"65":{"start":{"line":66,"column":0},"end":{"line":66,"column":6}},"66":{"start":{"line":67,"column":0},"end":{"line":67,"column":7}},"67":{"start":{"line":68,"column":0},"end":{"line":68,"column":33}},"68":{"start":{"line":69,"column":0},"end":{"line":69,"column":0}},"69":{"start":{"line":70,"column":0},"end":{"line":70,"column":48}},"70":{"start":{"line":71,"column":0},"end":{"line":71,"column":24}},"71":{"start":{"line":72,"column":0},"end":{"line":72,"column":7}},"72":{"start":{"line":73,"column":0},"end":{"line":73,"column":28}},"73":{"start":{"line":74,"column":0},"end":{"line":74,"column":30}},"74":{"start":{"line":75,"column":0},"end":{"line":75,"column":26}},"75":{"start":{"line":76,"column":0},"end":{"line":76,"column":8}},"76":{"start":{"line":77,"column":0},"end":{"line":77,"column":66}},"77":{"start":{"line":
[...]
2}},"locations":[{"start":{"line":28,"column":24},"end":{"line":33,"column":2}}]},"8":{"type":"branch","line":31,"loc":{"start":{"line":31,"column":4},"end":{"line":33,"column":2}},"locations":[{"start":{"line":31,"column":4},"end":{"line":33,"column":2}}]},"9":{"type":"branch","line":35,"loc":{"start":{"line":35,"column":33},"end":{"line":41,"column":2}},"locations":[{"start":{"line":35,"column":33},"end":{"line":41,"column":2}}]},"10":{"type":"branch","line":39,"loc":{"start":{"line":39,"column":4},"end":{"line":41,"column":2}},"locations":[{"start":{"line":39,"column":4},"end":{"line":41,"column":2}}]},"11":{"type":"branch","line":44,"loc":{"start":{"line":44,"column":25},"end":{"line":60,"column":2}},"locations":[{"start":{"line":44,"column":25},"end":{"line":60,"column":2}}]},"12":{"type":"branch","line":44,"loc":{"start":{"line":44,"column":60},"end":{"line":60,"column":2}},"locations":[{"start":{"line":44,"column":60},"end":{"line":60,"column":2}}]}},"b":{"0":[2],"1":[2],"2":[1],"3":[19],"4":[19],"5":[1],"6":[1],"7":[24],"8":[24],"9":[1],"10":[1],"11":[2],"12":[2]},"fnMap":{"0":{"name":"createUser","decl":{"start":{"line":11,"column":26},"end":{"line":14,"column":2}},"loc":{"start":{"line":11,"column":26},"end":{"line":14,"column":2}},"line":11},"1":{"name":"findUserById","decl":{"start":{"line":17,"column":28},"end":{"line":20,"column":2}},"loc":{"start":{"line":17,"column":28},"end":{"line":20,"column":2}},"line":17},"2":{"name":"findAllUsers","decl":{"start":{"line":23,"column":28},"end":{"line":25,"column":2}},"loc":{"start":{"line":23,"column":28},"end":{"line":25,"column":2}},"line":23},"3":{"name":"findUser","decl":{"start":{"line":28,"column":24},"end":{"line":33,"column":2}},"loc":{"start":{"line":28,"column":24},"end":{"line":33,"column":2}},"line":28},"4":{"name":"findAndUpdateUser","decl":{"start":{"line":35,"column":33},"end":{"line":41,"column":2}},"loc":{"start":{"line":35,"column":33},"end":{"line":41,"column":2}},"line":35},"5":{"name":"signToken","decl":{"start":{"line":44,"column":25},"end":{"line":60,"column":2}},"loc":{"start":{"line":44,"column":25},"end":{"line":60,"column":2}},"line":44}},"f":{"0":2,"1":19,"2":1,"3":24,"4":1,"5":2}}
,"C:\\Users\\Shirel\\OneDrive\\Desktop\\שנה ג\\אפליקציות אינטרנטיות\\Blend\\blendApp\\src\\upload\\single-upload-sharp.ts": {"path":"C:\\Users\\Shirel\\OneDrive\\Desktop\\שנה ג\\אפליקציות אינטרנטיות\\Blend\\blendApp\\src\\upload\\single-upload-sharp.ts","all":false,"statementMap":{"0":{"start":{"line":1,"column":0},"end":{"line":1,"column":58}},"1":{"start":{"line":2,"column":0},"end":{"line":2,"column":28}},"2":{"start":{"line":3,"column":0},"end":{"line":3,"column":26}},"3":{"start":{"line":4,"column":0},"end":{"line":4,"column":44}},"4":{"start":{"line":5,"column":0},"end":{"line":5,"column":0}},"5":{"start":{"line":6,"column":0},"end":{"line":6,"column":45}},"6":{"start":{"line":7,"column":0},"end":{"line":7,"column":0}},"7":{"start":{"line":8,"column":0},"end":{"line":8,"column":22}},"8":{"start":{"line":9,"column":0},"end":{"line":9,"column":15}},"9":{"start":{"line":10,"column":0},"end":{"line":10,"column":28}},"10":{"start":{"line":11,"column":0},"end":{"line":11,"column":31}},"11":{"start":{"line":12,"column":0},"end":{"line":12,"column":6}},"12":{"start":{"line":13,"column":0},"end":{"line":13,"column":43}},"13":{"start":{"line":14,"column":0},"end":{"line":14,"column":63}},"14":{"start":{"line":15,"column":0},"end":{"line":15,"column":3}},"15":{"start":{"line":16,"column":0},"end":{"line":16,"column":0}},"16":{"start":{"line":17,"column":0},"end":{"line":17,"column":17}},"17":{"start":{"line":18,"column":0},"end":{"line":18,"column":2}},"18":{"start":{"line":19,"column":0},"end":{"line":19,"column":0}},"19":{"start":{"line":20,"column":0},"end":{"line":20,"column":23}},"20":{"start":{"line":21,"column":0},"end":{"line":21,"column":25}},"21":{"start":{"line":22,"column":0},"end":{"line":22,"column":27}},"22":{"start":{"line":23,"column":0},"end":{"line":23,"column":50}},"23":{"start":{"line":24,"column":0},"end":{"line":24,"column":3}},"24":{"start":{"line":25,"column":0},"end":{"line":25,"column":0}},"25":{"start":{"line":26,"column":0},"end":{"line":26,"column":54}},"26":{"start":{"line":27,"column":0},"end":{"line":27,"column":0}},"27":{"start":{"line":28,"column":0},"end":{"line":28,"column":38}},"28":{"start":{"line":29,"column":0},"end":{"line":29,"column":15}},"29":{"start":{"line":30,"column":0},"end":{"line":30,"column":16}},"30":{"start":{"line":31,"column":0},"end":{"line":31,"column":20}},"31":{"start":{"line":32,"column":0},"end":{"line":32,"column":6}},"32":{"start":{"line":33,"column":0},"end":{"line":33,"column":7}},"33":{"start":{"line":34,"column":0},"end":{"line":34,"column":26}},"34":{"start":{"line":35,"column":0},"end":{"line":35,"column":29}},"35":{"start":{"line":36,"column":0},"end":{"line":36,"column":0}},"36":{"start":{"line":37,"column":0},"end":{"line":37,"column":54}},"37":{"start":{"line":38,"column":0},"end":{"line":38,"column":33}},"38":{"start":{"line":39,"column":0},"end":{"line":39,"column":23}},"39":{"start":{"line":40,"column":0},"end":{"line":40,"column":23}},"40":{"start":{"line":41,"column":0},"end":{"line":41,"column":28}},"41":{"start":{"line":42,"column":0},"end":{"line":42,"column":64}},"42":{"start":{"line":43,"column":0},"end":{"line":43,"column":0}},"43":{"start":{"line":44,"column":0},"end":{"line":44,"column":30}},"44":{"start":{"line":45,"column":0},"end":{"line":45,"column":0}},"45":{"start":{"line":46,"column":0},"end":{"line":46,"column":11}},"46":{"start":{"line":47,"column":0},"end":{"line":47,"column":22}},"47":{"start":{"line":48,"column":0},"end":{"line":48,"column":14}},"48":{"start":{"line":49,"column":0},"end":{"line":49,"column":3}},"49":{"start":{"line":50,"column":0},"end":{"line":50,"column":2}},"50":{"start":{"line":51,"column":0},"end":{"line":51,"column":0}},"51":{"start":{"line":52,"column":0},"end":{"line":52,"column":45}},"52":{"start":{"line":53,"column":0},"end":{"line":53,"column":15}},"53":{"start":{"line":54,"column":0},"end":{"line":54,"column":16}},"54":{"start":{"line":55,"column":0},"end":{"line":55,"column":20}},"55":{"start":{"line":56,"column":0},"end":{"line":56,"column":6}},"56":{"start":{"line":57,"column":0},"end":{"line":57,"column":7}},"57":{"start":{"line":58,"column":0},"end":{"line":58,"column":39}},"58":{"start":{"line":59,"column":0},"end":{"line":59,"column":0}},"59":{"start":{"line":60,"column":0},"end":{"line":60,"column":26}},"60":{"start":{"line":61,"column":0},"end":{"line":61,"column":29}},"61":{"start":{"line":62,"column":0},"end":{"line":62,"column":0}},"62":{"start":{"line":63,"column":0},"end":{"line":63,"column":17}},"63":{"start":{"line":64,"column":0},"end":{"line":64,"column":45}},"64":{"start":{"line":65,"column":0},"end":{"line":65,"column":33}},"65":{"start":{"line":66,"column":0},"end":{"line":66,"column":23}},"66":{"start":{"line":67,"column":0},"end":{"line":67,"column":23}},"67":{"start":{"line":68,"column":0},"end":{"line":68,"column":28}},"68":{"start":{"line":69,"column":0},"end":{"line":69,"column":64}},"69":{"start":{"line":70,"column":0},"end":{"line":70,"column":0}},"70":{"start":{"line":71,"column":0},"end":{"line":71,"column":30}},"71":{"start":{"line":72,"column":0},"end":{"line":72,"column":0}},"72":{"start":{"line":73,"column":0},"end":{"line":73,"column":11}},"73":{"start":{"line":74,"column":0},"end":{"line":74,"column":22}},"74":{"start":{"line":75,"column":0},"end":{"line":75,"column":14}},"75":{"start":{"line":76,"column":0},"end":{"line":76,"column":3}},"76":{"start":{"line":77,"column":0},"end":{"line":77,"column":2}}},"s":{"0":1,"1":1,"2":1,"3":1,"4":1,"5":1,"6":1,"7":1,"8":0,"9":0,"10":0,"11":0,"12":0,"13":0,"14":0,"15":0,"16":0,"17":0,"18":1,"19":1,"20":1,"21":1,"22":1,"23":1,"24":1,"25":1,"26":1,"27":1,"28":3,"29":3,"30":3,"31":3,"32":3,"33":3,"34":3,"35":0,"36":0,"37":3,"38":3,"39":3,"40":3,"41":3,"42":0,"43":0,"44":0,"45":0,"46":0,"47":0,"48":0,"49":3,"50":1,"51":1,"52":3,"53":3,"54":3,"55":3,"56":3,"57":3,"58":3,"59":3,"60":3,"61":0,"62":0,"63":0,"64":3,"65":3,"66":3,"67":3,"68":3,"69":0,"70":0,"71":0,"72":0,"73":0,"74":0,"75":0,"76":3},"branchMap":{"0":{"type":"branch","line":28,"loc":{"start":{"line":28,"column":31},"end":{"line":50,"column":2}},"locations":[{"start":{"line":28,"column":31},"end":{"line":50,"column":2}}]},"1":{"type":"branch","line":32,"loc":{"start":{"line":32,"column":4},"end":{"line":50,"column":2}},"locations":[{"start":{"line":32,"column":4},"end":{"line":50,"column":2}}]},"2":{"type":"branch","line":36,"loc":{"start":{"line":36,"column":-2},"end":{"line":38,"column":26}},"locations":[{"start":{"line":36,"column":-2},"end":{"line":38,"column":26}}]},"3":{"type":"branch","line":38,"loc":{"start":{"line":38,"column":24},"end":{"line":38,"column":26}},"locations":[{"start":{"line":38,"column":24},"end":{"line":38,"column":26}}]},"4":{"type":"branch","line":38,"loc":{"start":{"line":38,"column":24},"end":{"line":38,"column":32}},"locations":[{"start":{"line":38,"column":24},"end":{"line":38,"column":32}}]},"5":{"type":"branch","line":43,"loc":{"start":{"line":43,"column":-2},"end":{"line":49,"column":3}},"locations":[{"start":{"line":43,"column":-2},"end":{"line":49,"column":3}}]},"6":{"type":"branch","line":52,"loc":{"start":{"line":52,"column":38},"end":{"line":77,"column":2}},"locations":[{"start":{"line":52,"column":38},"end":{"line":77,"column":2}}]},"7":{"type":"branch","line":56,"loc":{"start":{"line":56,"column":4},"end":{"line":77,"column":2}},"locations":[{"start":{"line":56,"column":4},"end":{"line":77,"column":2}}]},"8":{"type":"branch","line":62,"loc":{"start":{"line":62,"column":-2},"end":{"line":65,"column":26}},"locations":[{"start":{"line":62,"column":-2},"end":{"line":65,"column":26}}]},"9":{"type":"branch","line":65,"loc":{"start":{"line":65,"column":24},"end":{"line":65,"column":26}},"locations":[{"start":{"line":65,"column":24},"end":{"line":65,"column":26}}]},"10":{"type":"branch","line":65,"loc":{"start":{"line":65,"column":24},"end":{"line":65,"column":32}},"locations":[{"start":{"line":65,"column":24},"end":{"line":65,"column":32}}]},"11":{"type":"branch","line":70,"loc":{"start":{"line":70,"column":-2},"end":{"line":76,"column":3}},"locations":[{"start":{"line":70,"column":-2},"end":{"line":76,"column":3}}]}},"b":{"0":[3],"1":[3],"2":[0],"3":[0],"4":[0],"5":[0],"6":[3],"7":[3],"8":[0],"9":[0],"10":[0],"11":[0]},"fnMap":{"0":{"name":"multerFilter","decl":{"start":{"line":8,"column":21},"end":{"line":18,"column":2}},"loc":{"start":{"line":8,"column":21},"end":{"line":18,"column":2}},"line":8},"1":{"name":"resizePostImage","decl":{"start":{"line":28,"column":31},"end":{"line":50,"column":2}},"loc":{"start":{"line":28,"column":31},"end":{"line":50,"column":2}},"line":28},"2":{"name":"resizeUserProfileImage","decl":{"start":{"line":52,"column":38},"end":{"line":77,"column":2}},"loc":{"start":{"line":52,"column":38},"end":{"line":77,"column":2}},"line":52}},"f":{"0":0,"1":3,"2":3}}
,"C:\\Users\\Shirel\\OneDrive\\Desktop\\שנה ג\\אפליקציות אינטרנטיות\\Blend\\blendApp\\src\\utils\\appError.ts": {"path":"C:\\Users\\Shirel\\OneDrive\\Desktop\\שנה ג\\אפליקציות אינטרנטיות\\Blend\\blendApp\\src\\utils\\appError.ts","all":false,"statementMap":{"0":{"start":{"line":1,"column":0},"end":{"line":1,"column":45}},"1":{"start":{"line":2,"column":0},"end":{"line":2,"column":17}},"2":{"start":{"line":3,"column":0},"end":{"line":3,"column":25}},"3":{"start":{"line":4,"column":0},"end":{"line":4,"column":0}},"4":{"start":{"line":5,"column":0},"end":{"line":5,"column":72}},"5":{"start":{"line":6,"column":0},"end":{"line":6,"column":19}},"6":{"start":{"line":7,"column":0},"end":{"line":7,"column":69}},"7":{"start":{"line":8,"column":0},"end":{"line":8,"column":30}},"8":{"start":{"line":9,"column":0},"end":{"line":9,"column":0}},"9":{"start":{"line":10,"column":0},"end":{"line":10,"column":52}},"10":{"start":{"line":11,"column":0},"end":{"line":11,"column":3}},"11":{"start":{"line":12,"column":0},"end":{"line":12,"column":1}}},"s":{"0":1,"1":1,"2":1,"3":1,"4":1,"5":4,"6":4,"7":4,"8":4,"9":4,"10":4,"11":1},"branchMap":{"0":{"type":"branch","line":5,"loc":{"start":{"line":5,"column":2},"end":{"line":11,"column":3}},"locations":[{"start":{"line":5,"column":2},"end":{"line":11,"column":3}}]},"1":{"type":"branch","line":7,"loc":{"start":{"line":7,"column":59},"end":{"line":7,"column":68}},"locations":[{"start":{"line":7,"column":59},"end":{"line":7,"column":68}}]}},"b":{"0":[4],"1":[0]},"fnMap":{"0":{"name":"AppError","decl":{"start":{"line":5,"column":2},"end":{"line":11,"column":3}},"loc":{"start":{"line":5,"column":2},"end":{"line":11,"column":3}},"line":5}},"f":{"0":4}}
,"C:\\Users\\Shirel\\OneDrive\\Desktop\\שנה ג\\אפליקציות אינטרנטיות\\Blend\\blendApp\\src\\utils\\connect-to-DB.ts": {"path":"C:\\Users\\Shirel\\OneDrive\\Desktop\\שנה ג\\אפליקציות אינטרנטיות\\Blend\\blendApp\\src\\utils\\connect-to-DB.ts","all":false,"statementMap":{"0":{"start":{"line":1,"column":0},"end":{"line":1,"column":32}},"1":{"start":{"line":2,"column":0},"end":{"line":2,"column":0}},"2":{"start":{"line":3,"column":0},"end":{"line":3,"column":171}},"3":{"start":{"line":4,"column":0},"end":{"line":4,"column":71}},"4":{"start":{"line":5,"column":0},"end":{"line":5,"column":0}},"5":{"start":{"line":6,"column":0},"end":{"line":6,"column":31}},"6":{"start":{"line":7,"column":0},"end":{"line":7,"column":7}},"7":{"start":{"line":8,"column":0},"end":{"line":8,"column":34}},"8":{"start":{"line":9,"column":0},"end":{"line":9,"column":41}},"9":{"start":{"line":10,"column":0},"end":{"line":10,"column":24}},"10":{"start":{"line":11,"column":0},"end":{"line":11,"column":31}},"11":{"start":{"line":12,"column":0},"end":{"line":12,"column":32}},"12":{"start":{"line":13,"column":0},"end":{"line":13,"column":3}},"13":{"start":{"line":14,"column":0},"end":{"line":14,"column":2}},"14":{"start":{"line":15,"column":0},"end":{"line":15,"column":0}},"15":{"start":{"line":16,"column":0},"end":{"line":16,"column":25}}},"s":{"0":1,"1":1,"2":1,"3":1,"4":1,"5":1,"6":3,"7":3,"8":3,"9":3,"10":0,"11":0,"12":0,"13":3,"14":1,"15":1},"branchMap":{"0":{"type":"branch","line":6,"loc":{"start":{"line":6,"column":18},"end":{"line":14,"column":2}},"locations":[{"start":{"line":6,"column":18},"end":{"line":14,"column":2}}]},"1":{"type":"branch","line":6,"loc":{"start":{"line":6,"column":29},"end":{"line":14,"column":2}},"locations":[{"start":{"line":6,"column":29},"end":{"line":14,"column":2}}]},"2":{"type":"branch","line":10,"loc":{"start":{"line":10,"column":4},"end":{"line":13,"column":3}},"locations":[{"start":{"line":10,"column":4},"end":{"line":13,"column":3}}]}},"b":{"0":[3],"1":[3],"2":[0]},"fnMap":{"0":{"name":"connectDB","decl":{"start":{"line":6,"column":18},"end":{"line":14,"column":2}},"loc":{"start":{"line":6,"column":18},"end":{"line":14,"column":2}},"line":6}},"f":{"0":3}}
,"C:\\Users\\Shirel\\OneDrive\\Desktop\\שנה ג\\אפליקציות אינטרנטיות\\Blend\\blendApp\\src\\utils\\init-songs.ts": {"path":"C:\\Users\\Shirel\\OneDrive\\Desktop\\שנה ג\\אפליקציות אינטרנטיות\\Blend\\blendApp\\src\\utils\\init-songs.ts","all":false,"statementMap":{"0":{"start":{"line":1,"column":0},"end":{"line":1,"column":26}},"1":{"start":{"line":2,"column":0},"end":{"line":2,"column":56}},"2":{"start":{"line":3,"column":0},"end":{"line":3,"column":46}},"3":{"start":{"line":4,"column":0},"end":{"line":4,"column":0}},"4":{"start":{"line":5,"column":0},"end":{"line":5,"column":48}},"5":{"start":{"line":6,"column":0},"end":{"line":6,"column":7}},"6":{"start":{"line":7,"column":0},"end":{"line":7,"column":36}},"7":{"start":{"line":8,"column":0},"end":{"line":8,"column":31}},"8":{"start":{"line":9,"column":0},"end":{"line":9,"column":33}},"9":{"start":{"line":10,"column":0},"end":{"line":10,"column":30}},"10":{"start":{"line":11,"column":0},"end":{"line":11,"column":46}},"11":{"start":{"line":12,"column":0},"end":{"line":12,"column":50}},"12":{"start":{"line":13,"column":0},"end":{"line":13,"column":47}},"13":{"start":{"line":14,"column":0},"end":{"line":14,"column":43}},"14":{"start":{"line":15,"column":0},"end":{"line":15,"column":8}},"15":{"start":{"line":16,"column":0},"end":{"line":16,"column":0}},"16":{"start":{"line":17,"column":0},"end":{"line":17,"column":34}},"17":{"start":{"line":18,"column":0},"end":{"line":18,"column":7}},"18":{"start":{"line":19,"column":0},"end":{"line":19,"column":19}},"19":{"start":{"line":20,"column":0},"end":{"line":20,"column":25}},"20":{"start":{"line":21,"column":0},"end":{"line":21,"column":3}},"21":{"start":{"line":22,"column":0},"end":{"line":22,"column":2}},"22":{"start":{"line":23,"column":0},"end":{"line":23,"column":0}},"23":{"start":{"line":24,"column":0},"end":{"line":24,"column":53}},"24":{"start":{"line":25,"column":0},"end":{"line":25,"column":24}},"25":{"start":{"line":26,"column":0},"end":{"line":26,"column":17}},"26":{"start":{"line":27,"column":0},"end":{"line":27,"column":17}},"27":{"start":{"line":28,"column":0},"end":{"line":28,"column":6}},"28":{"start":{"line":29,"column":0},"end":{"line":29,"column":45}},"29":{"start":{"line":30,"column":0},"end":{"line":30,"column":24}},"30":{"start":{"line":31,"column":0},"end":{"line":31,"column":23}},"31":{"start":{"line":32,"column":0},"end":{"line":32,"column":52}},"32":{"start":{"line":33,"column":0},"end":{"line":33,"column":18}},"33":{"start":{"line":34,"column":0},"end":{"line":34,"column":14}},"34":{"start":{"line":35,"column":0},"end":{"line":35,"column":23}},"35":{"start":{"line":36,"column":0},"end":{"line":36,"column":24}},"36":{"start":{"line":37,"column":0},"end":{"line":37,"column":11}},"37":{"start":{"line":38,"column":0},"end":{"line":38,"column":19}},"38":{"start":{"line":39,"column":0},"end":{"line":39,"column":36}},"39":{"start":{"line":40,"column":0},"end":{"line":40,"column":38}},"40":{"start":{"line":41,"column":0},"end":{"line":41,"column":11}},"41":{"start":{"line":42,"column":0},"end":{"line":42,"column":9}},"42":{"start":{"line":43,"column":0},"end":{"line":43,"column":0}},"43":{"start":{"line":44,"column":0},"end":{"line":44,"column":12}},"44":{"start":{"line":45,"column":0},"end":{"line":45,"column":55}},"45":{"start":{"line":46,"column":0},"end":{"line":46,"column":56}},"46":{"start":{"line":47,"column":0},"end":{"line":47,"column":21}},"47":{"start":{"line":48,"column":0},"end":{"line":48,"column":91}},"48":{"start":{"line":49,"column":0},"end":{"line":49,"column":11}},"49":{"start":{"line":50,"column":0},"end":{"line":50,"column":24}},"50":{"start":{"line":51,"column":0},"end":{"line":51,"column":30}},"51":{"start":{"line":52,"column":0},"end":{"line":52,"column":8}},"52":{"start":{"line":53,"column":0},"end":{"line":53,"column":8}},"53":{"start":{"line":54,"column":0},"end":{"line":54,"column":2}}},"s":{"0":1,"1":1,"2":1,"3":1,"4":1,"5":0,"6":0,"7":0,"8":0,"9":0,"10":0,"11":0,"12":0,"13":0,"14":0,"15":0,"16":0,"17":0,"18":0,"19":0,"20":0,"21":0,"22":1,"23":1,"24":3,"25":3,"26":3,"27":3,"28":3,"29":3,"30":3,"31":3,"32":3,"33":3,"34":3,"35":3,"36":3,"37":3,"38":3,"39":3,"40":3,"41":3,"42":3,"43":3,"44":3,"45":3,"46":3,"47":3,"48":3,"49":3,"50":3,"51":3,"52":3,"53":3},"branchMap":{"0":{"type":"branch","line":24,"loc":{"start":{"line":24,"column":46},"end":{"line":54,"column":2}},"locations":[{"start":{"line":24,"column":46},"end":{"line":54,"column":2}}]},"1":{"type":"branch","line":28,"loc":{"start":{"line":28,"column":4},"end":{"line":54,"column":2}},"locations":[{"start":{"line":28,"column":4},"end":{"line":54,"column":2}}]}},"b":{"0":[3],"1":[3]},"fnMap":{"0":{"name":"CreateTracksInTable","decl":{"start":{"line":5,"column":28},"end":{"line":22,"column":2}},"loc":{"start":{"line":5,"column":28},"end":{"line":22,"column":2}},"line":5},"1":{"name":"initilizeSongsTableByPlaylists","decl":{"start":{"line":24,"column":46},"end":{"line":54,"column":2}},"loc":{"start":{"line":24,"column":46},"end":{"line":54,"column":2}},"line":24}},"f":{"0":0,"1":3}}
}
